{"/home/sam/Documents/my-express-app/scr/server.ts": {"path":"/home/sam/Documents/my-express-app/scr/server.ts","statementMap":{"0":{"start":{"line":1,"column":0},"end":{"line":1,"column":67}},"1":{"start":{"line":2,"column":0},"end":{"line":2,"column":37}},"2":{"start":{"line":3,"column":0},"end":{"line":3,"column":24}},"3":{"start":{"line":4,"column":0},"end":{"line":4,"column":43}},"4":{"start":{"line":5,"column":0},"end":{"line":5,"column":63}},"5":{"start":{"line":7,"column":0},"end":{"line":7,"column":27}},"6":{"start":{"line":9,"column":0},"end":{"line":9,"column":34}},"7":{"start":{"line":10,"column":0},"end":{"line":10,"column":34}},"8":{"start":{"line":11,"column":0},"end":{"line":11,"column":40}},"9":{"start":{"line":13,"column":0},"end":{"line":13,"column":52}},"10":{"start":{"line":14,"column":0},"end":{"line":14,"column":28}},"11":{"start":{"line":16,"column":21},"end":{"line":31,"column":1}},"12":{"start":{"line":17,"column":30},"end":{"line":17,"column":61}},"13":{"start":{"line":18,"column":2},"end":{"line":29,"column":3}},"14":{"start":{"line":19,"column":6},"end":{"line":19,"column":48}},"15":{"start":{"line":20,"column":6},"end":{"line":20,"column":13}},"16":{"start":{"line":22,"column":6},"end":{"line":28,"column":null}},"17":{"start":{"line":24,"column":10},"end":{"line":24,"column":null}},"18":{"start":{"line":27,"column":10},"end":{"line":27,"column":null}},"19":{"start":{"line":33,"column":0},"end":{"line":33,"column":17}},"20":{"start":{"line":35,"column":12},"end":{"line":35,"column":21}},"21":{"start":{"line":37,"column":0},"end":{"line":37,"column":23}},"22":{"start":{"line":39,"column":0},"end":{"line":39,"column":27}},"23":{"start":{"line":40,"column":0},"end":{"line":40,"column":51}},"24":{"start":{"line":42,"column":0},"end":{"line":42,"column":69}},"25":{"start":{"line":44,"column":0},"end":{"line":48,"column":2}},"26":{"start":{"line":49,"column":0},"end":{"line":53,"column":2}},"27":{"start":{"line":54,"column":0},"end":{"line":58,"column":2}},"28":{"start":{"line":60,"column":0},"end":{"line":60,"column":70}},"29":{"start":{"line":62,"column":0},"end":{"line":65,"column":3}},"30":{"start":{"line":63,"column":2},"end":{"line":63,"column":27}},"31":{"start":{"line":64,"column":2},"end":{"line":64,"column":70}},"32":{"start":{"line":67,"column":21},"end":{"line":67,"column":73}},"33":{"start":{"line":69,"column":15},"end":{"line":71,"column":2}},"34":{"start":{"line":70,"column":2},"end":{"line":70,"column":48}},"35":{"start":{"line":73,"column":0},"end":{"line":79,"column":3}},"36":{"start":{"line":74,"column":2},"end":{"line":74,"column":41}},"37":{"start":{"line":75,"column":2},"end":{"line":78,"column":5}},"38":{"start":{"line":76,"column":4},"end":{"line":76,"column":34}},"39":{"start":{"line":77,"column":4},"end":{"line":77,"column":20}},"40":{"start":{"line":81,"column":0},"end":{"line":81,"column":22}}},"fnMap":{"0":{"name":"(anonymous_1)","decl":{"start":{"line":16,"column":21},"end":{"line":16,"column":23}},"loc":{"start":{"line":16,"column":25},"end":{"line":31,"column":1}}},"1":{"name":"(anonymous_2)","decl":{"start":{"line":23,"column":12},"end":{"line":23,"column":14}},"loc":{"start":{"line":23,"column":16},"end":{"line":26,"column":7}}},"2":{"name":"(anonymous_3)","decl":{"start":{"line":26,"column":15},"end":{"line":26,"column":16}},"loc":{"start":{"line":26,"column":26},"end":{"line":28,"column":7}}},"3":{"name":"(anonymous_4)","decl":{"start":{"line":62,"column":8},"end":{"line":62,"column":9}},"loc":{"start":{"line":62,"column":72},"end":{"line":65,"column":1}}},"4":{"name":"(anonymous_5)","decl":{"start":{"line":69,"column":32},"end":{"line":69,"column":35}},"loc":{"start":{"line":69,"column":37},"end":{"line":71,"column":1}}},"5":{"name":"(anonymous_6)","decl":{"start":{"line":73,"column":21},"end":{"line":73,"column":24}},"loc":{"start":{"line":73,"column":26},"end":{"line":79,"column":1}}},"6":{"name":"(anonymous_7)","decl":{"start":{"line":75,"column":15},"end":{"line":75,"column":18}},"loc":{"start":{"line":75,"column":20},"end":{"line":78,"column":3}}}},"branchMap":{"0":{"loc":{"start":{"line":18,"column":2},"end":{"line":29,"column":3}},"type":"if","locations":[{"start":{"line":18,"column":2},"end":{"line":29,"column":3}},{"start":{"line":21,"column":7},"end":{"line":29,"column":3}}]},"1":{"loc":{"start":{"line":67,"column":21},"end":{"line":67,"column":73}},"type":"cond-expr","locations":[{"start":{"line":67,"column":40},"end":{"line":67,"column":66}},{"start":{"line":67,"column":69},"end":{"line":67,"column":73}}]}},"s":{"0":1,"1":1,"2":1,"3":1,"4":1,"5":1,"6":1,"7":1,"8":1,"9":1,"10":1,"11":1,"12":1,"13":1,"14":1,"15":1,"16":0,"17":0,"18":0,"19":1,"20":1,"21":1,"22":1,"23":1,"24":1,"25":1,"26":1,"27":1,"28":1,"29":1,"30":3,"31":3,"32":1,"33":1,"34":1,"35":1,"36":0,"37":0,"38":0,"39":0,"40":1},"f":{"0":1,"1":0,"2":0,"3":3,"4":1,"5":0,"6":0},"b":{"0":[1,0],"1":[0,1]}}
,"/home/sam/Documents/my-express-app/scr/controllers/blogs.ts": {"path":"/home/sam/Documents/my-express-app/scr/controllers/blogs.ts","statementMap":{"0":{"start":{"line":2,"column":0},"end":{"line":2,"column":46}},"1":{"start":{"line":3,"column":0},"end":{"line":3,"column":53}},"2":{"start":{"line":5,"column":12},"end":{"line":16,"column":1}},"3":{"start":{"line":6,"column":2},"end":{"line":15,"column":3}},"4":{"start":{"line":7,"column":18},"end":{"line":7,"column":35}},"5":{"start":{"line":8,"column":4},"end":{"line":8,"column":24}},"6":{"start":{"line":10,"column":4},"end":{"line":10,"column":50}},"7":{"start":{"line":11,"column":4},"end":{"line":14,"column":7}},"8":{"start":{"line":106,"column":9},"end":{"line":106,"column":12}},"9":{"start":{"line":18,"column":15},"end":{"line":30,"column":1}},"10":{"start":{"line":19,"column":13},"end":{"line":19,"column":26}},"11":{"start":{"line":20,"column":2},"end":{"line":29,"column":3}},"12":{"start":{"line":21,"column":17},"end":{"line":21,"column":40}},"13":{"start":{"line":22,"column":4},"end":{"line":24,"column":5}},"14":{"start":{"line":23,"column":6},"end":{"line":23,"column":65}},"15":{"start":{"line":25,"column":4},"end":{"line":25,"column":23}},"16":{"start":{"line":27,"column":4},"end":{"line":27,"column":49}},"17":{"start":{"line":28,"column":4},"end":{"line":28,"column":16}},"18":{"start":{"line":106,"column":14},"end":{"line":106,"column":20}},"19":{"start":{"line":32,"column":15},"end":{"line":54,"column":1}},"20":{"start":{"line":33,"column":17},"end":{"line":33,"column":43}},"21":{"start":{"line":34,"column":2},"end":{"line":36,"column":3}},"22":{"start":{"line":35,"column":4},"end":{"line":35,"column":60}},"23":{"start":{"line":38,"column":51},"end":{"line":38,"column":59}},"24":{"start":{"line":40,"column":2},"end":{"line":53,"column":3}},"25":{"start":{"line":41,"column":25},"end":{"line":47,"column":6}},"26":{"start":{"line":48,"column":22},"end":{"line":48,"column":39}},"27":{"start":{"line":49,"column":4},"end":{"line":49,"column":90}},"28":{"start":{"line":51,"column":4},"end":{"line":51,"column":47}},"29":{"start":{"line":52,"column":4},"end":{"line":52,"column":43}},"30":{"start":{"line":106,"column":22},"end":{"line":106,"column":28}},"31":{"start":{"line":56,"column":15},"end":{"line":80,"column":1}},"32":{"start":{"line":57,"column":51},"end":{"line":57,"column":59}},"33":{"start":{"line":58,"column":17},"end":{"line":58,"column":30}},"34":{"start":{"line":59,"column":17},"end":{"line":59,"column":38}},"35":{"start":{"line":60,"column":2},"end":{"line":62,"column":3}},"36":{"start":{"line":61,"column":4},"end":{"line":61,"column":60}},"37":{"start":{"line":63,"column":2},"end":{"line":79,"column":3}},"38":{"start":{"line":64,"column":24},"end":{"line":67,"column":null}},"39":{"start":{"line":69,"column":4},"end":{"line":71,"column":5}},"40":{"start":{"line":70,"column":6},"end":{"line":70,"column":66}},"41":{"start":{"line":72,"column":4},"end":{"line":75,"column":7}},"42":{"start":{"line":77,"column":4},"end":{"line":77,"column":49}},"43":{"start":{"line":78,"column":4},"end":{"line":78,"column":16}},"44":{"start":{"line":106,"column":30},"end":{"line":106,"column":36}},"45":{"start":{"line":82,"column":16},"end":{"line":94,"column":1}},"46":{"start":{"line":83,"column":17},"end":{"line":83,"column":30}},"47":{"start":{"line":84,"column":2},"end":{"line":93,"column":3}},"48":{"start":{"line":85,"column":24},"end":{"line":85,"column":60}},"49":{"start":{"line":86,"column":4},"end":{"line":88,"column":5}},"50":{"start":{"line":87,"column":6},"end":{"line":87,"column":66}},"51":{"start":{"line":89,"column":4},"end":{"line":89,"column":76}},"52":{"start":{"line":91,"column":4},"end":{"line":91,"column":49}},"53":{"start":{"line":92,"column":4},"end":{"line":92,"column":16}},"54":{"start":{"line":106,"column":38},"end":{"line":106,"column":45}},"55":{"start":{"line":96,"column":18},"end":{"line":104,"column":1}},"56":{"start":{"line":97,"column":2},"end":{"line":103,"column":3}},"57":{"start":{"line":98,"column":4},"end":{"line":98,"column":30}},"58":{"start":{"line":99,"column":4},"end":{"line":99,"column":78}},"59":{"start":{"line":101,"column":4},"end":{"line":101,"column":54}},"60":{"start":{"line":102,"column":4},"end":{"line":102,"column":16}},"61":{"start":{"line":106,"column":47},"end":{"line":106,"column":56}}},"fnMap":{"0":{"name":"(anonymous_1)","decl":{"start":{"line":5,"column":12},"end":{"line":5,"column":17}},"loc":{"start":{"line":5,"column":70},"end":{"line":16,"column":1}}},"1":{"name":"(anonymous_2)","decl":{"start":{"line":18,"column":15},"end":{"line":18,"column":20}},"loc":{"start":{"line":18,"column":73},"end":{"line":30,"column":1}}},"2":{"name":"(anonymous_3)","decl":{"start":{"line":32,"column":15},"end":{"line":32,"column":20}},"loc":{"start":{"line":32,"column":73},"end":{"line":54,"column":1}}},"3":{"name":"(anonymous_4)","decl":{"start":{"line":56,"column":15},"end":{"line":56,"column":20}},"loc":{"start":{"line":56,"column":73},"end":{"line":80,"column":1}}},"4":{"name":"(anonymous_5)","decl":{"start":{"line":82,"column":16},"end":{"line":82,"column":21}},"loc":{"start":{"line":82,"column":74},"end":{"line":94,"column":1}}},"5":{"name":"(anonymous_6)","decl":{"start":{"line":96,"column":18},"end":{"line":96,"column":23}},"loc":{"start":{"line":96,"column":76},"end":{"line":104,"column":1}}}},"branchMap":{"0":{"loc":{"start":{"line":22,"column":4},"end":{"line":24,"column":5}},"type":"if","locations":[{"start":{"line":22,"column":4},"end":{"line":24,"column":5}}]},"1":{"loc":{"start":{"line":34,"column":2},"end":{"line":36,"column":3}},"type":"if","locations":[{"start":{"line":34,"column":2},"end":{"line":36,"column":3}}]},"2":{"loc":{"start":{"line":46,"column":14},"end":{"line":46,"column":28}},"type":"cond-expr","locations":[{"start":{"line":46,"column":22},"end":{"line":46,"column":24}},{"start":{"line":46,"column":22},"end":{"line":46,"column":28}}]},"3":{"loc":{"start":{"line":46,"column":14},"end":{"line":46,"column":24}},"type":"binary-expr","locations":[{"start":{"line":46,"column":14},"end":{"line":46,"column":24}},{"start":{"line":46,"column":22},"end":{"line":46,"column":24}}]},"4":{"loc":{"start":{"line":60,"column":2},"end":{"line":62,"column":3}},"type":"if","locations":[{"start":{"line":60,"column":2},"end":{"line":62,"column":3}}]},"5":{"loc":{"start":{"line":69,"column":4},"end":{"line":71,"column":5}},"type":"if","locations":[{"start":{"line":69,"column":4},"end":{"line":71,"column":5}}]},"6":{"loc":{"start":{"line":86,"column":4},"end":{"line":88,"column":5}},"type":"if","locations":[{"start":{"line":86,"column":4},"end":{"line":88,"column":5}}]}},"s":{"0":1,"1":1,"2":1,"3":1,"4":1,"5":1,"6":0,"7":0,"8":1,"9":1,"10":1,"11":1,"12":1,"13":0,"14":0,"15":0,"16":1,"17":1,"18":1,"19":1,"20":1,"21":1,"22":0,"23":1,"24":1,"25":1,"26":1,"27":0,"28":1,"29":1,"30":1,"31":1,"32":1,"33":1,"34":1,"35":1,"36":0,"37":1,"38":1,"39":0,"40":0,"41":0,"42":1,"43":1,"44":1,"45":1,"46":1,"47":1,"48":1,"49":0,"50":0,"51":0,"52":1,"53":1,"54":1,"55":1,"56":0,"57":0,"58":0,"59":0,"60":0,"61":1},"f":{"0":1,"1":1,"2":1,"3":1,"4":1,"5":0},"b":{"0":[0],"1":[0],"2":[1,0],"3":[1,1],"4":[0],"5":[0],"6":[0]}}
,"/home/sam/Documents/my-express-app/scr/controllers/comments.ts": {"path":"/home/sam/Documents/my-express-app/scr/controllers/comments.ts","statementMap":{"0":{"start":{"line":2,"column":0},"end":{"line":2,"column":53}},"1":{"start":{"line":3,"column":0},"end":{"line":3,"column":55}},"2":{"start":{"line":4,"column":0},"end":{"line":4,"column":46}},"3":{"start":{"line":12,"column":12},"end":{"line":45,"column":1}},"4":{"start":{"line":13,"column":19},"end":{"line":13,"column":32}},"5":{"start":{"line":14,"column":4},"end":{"line":44,"column":5}},"6":{"start":{"line":15,"column":23},"end":{"line":15,"column":44}},"7":{"start":{"line":16,"column":8},"end":{"line":18,"column":9}},"8":{"start":{"line":17,"column":12},"end":{"line":17,"column":68}},"9":{"start":{"line":20,"column":8},"end":{"line":22,"column":9}},"10":{"start":{"line":21,"column":12},"end":{"line":21,"column":69}},"11":{"start":{"line":24,"column":23},"end":{"line":24,"column":35}},"12":{"start":{"line":25,"column":28},"end":{"line":25,"column":36}},"13":{"start":{"line":27,"column":22},"end":{"line":27,"column":49}},"14":{"start":{"line":28,"column":8},"end":{"line":30,"column":9}},"15":{"start":{"line":29,"column":12},"end":{"line":29,"column":72}},"16":{"start":{"line":32,"column":37},"end":{"line":36,"column":10}},"17":{"start":{"line":38,"column":8},"end":{"line":38,"column":32}},"18":{"start":{"line":40,"column":8},"end":{"line":40,"column":100}},"19":{"start":{"line":42,"column":8},"end":{"line":42,"column":54}},"20":{"start":{"line":43,"column":8},"end":{"line":43,"column":74}},"21":{"start":{"line":90,"column":9},"end":{"line":90,"column":12}},"22":{"start":{"line":47,"column":15},"end":{"line":72,"column":1}},"23":{"start":{"line":48,"column":26},"end":{"line":48,"column":36}},"24":{"start":{"line":49,"column":4},"end":{"line":71,"column":5}},"25":{"start":{"line":50,"column":23},"end":{"line":50,"column":44}},"26":{"start":{"line":51,"column":8},"end":{"line":53,"column":9}},"27":{"start":{"line":52,"column":12},"end":{"line":52,"column":68}},"28":{"start":{"line":55,"column":28},"end":{"line":55,"column":36}},"29":{"start":{"line":57,"column":31},"end":{"line":60,"column":null}},"30":{"start":{"line":63,"column":8},"end":{"line":65,"column":9}},"31":{"start":{"line":64,"column":12},"end":{"line":64,"column":74}},"32":{"start":{"line":67,"column":8},"end":{"line":67,"column":106}},"33":{"start":{"line":69,"column":8},"end":{"line":69,"column":56}},"34":{"start":{"line":70,"column":8},"end":{"line":70,"column":74}},"35":{"start":{"line":90,"column":14},"end":{"line":90,"column":20}},"36":{"start":{"line":74,"column":16},"end":{"line":88,"column":1}},"37":{"start":{"line":75,"column":26},"end":{"line":75,"column":36}},"38":{"start":{"line":76,"column":4},"end":{"line":87,"column":5}},"39":{"start":{"line":77,"column":31},"end":{"line":77,"column":73}},"40":{"start":{"line":79,"column":8},"end":{"line":81,"column":9}},"41":{"start":{"line":80,"column":12},"end":{"line":80,"column":74}},"42":{"start":{"line":83,"column":8},"end":{"line":83,"column":81}},"43":{"start":{"line":85,"column":8},"end":{"line":85,"column":56}},"44":{"start":{"line":86,"column":8},"end":{"line":86,"column":74}},"45":{"start":{"line":90,"column":22},"end":{"line":90,"column":29}}},"fnMap":{"0":{"name":"(anonymous_1)","decl":{"start":{"line":12,"column":12},"end":{"line":12,"column":17}},"loc":{"start":{"line":12,"column":78},"end":{"line":45,"column":1}}},"1":{"name":"(anonymous_2)","decl":{"start":{"line":47,"column":15},"end":{"line":47,"column":20}},"loc":{"start":{"line":47,"column":73},"end":{"line":72,"column":1}}},"2":{"name":"(anonymous_3)","decl":{"start":{"line":74,"column":16},"end":{"line":74,"column":21}},"loc":{"start":{"line":74,"column":74},"end":{"line":88,"column":1}}}},"branchMap":{"0":{"loc":{"start":{"line":16,"column":8},"end":{"line":18,"column":9}},"type":"if","locations":[{"start":{"line":16,"column":8},"end":{"line":18,"column":9}}]},"1":{"loc":{"start":{"line":20,"column":8},"end":{"line":22,"column":9}},"type":"if","locations":[{"start":{"line":20,"column":8},"end":{"line":22,"column":9}}]},"2":{"loc":{"start":{"line":20,"column":12},"end":{"line":20,"column":38}},"type":"binary-expr","locations":[{"start":{"line":20,"column":12},"end":{"line":20,"column":21}},{"start":{"line":20,"column":25},"end":{"line":20,"column":38}}]},"3":{"loc":{"start":{"line":28,"column":8},"end":{"line":30,"column":9}},"type":"if","locations":[{"start":{"line":28,"column":8},"end":{"line":30,"column":9}}]},"4":{"loc":{"start":{"line":51,"column":8},"end":{"line":53,"column":9}},"type":"if","locations":[{"start":{"line":51,"column":8},"end":{"line":53,"column":9}}]},"5":{"loc":{"start":{"line":63,"column":8},"end":{"line":65,"column":9}},"type":"if","locations":[{"start":{"line":63,"column":8},"end":{"line":65,"column":9}}]},"6":{"loc":{"start":{"line":79,"column":8},"end":{"line":81,"column":9}},"type":"if","locations":[{"start":{"line":79,"column":8},"end":{"line":81,"column":9}}]}},"s":{"0":1,"1":1,"2":1,"3":1,"4":0,"5":0,"6":0,"7":0,"8":0,"9":0,"10":0,"11":0,"12":0,"13":0,"14":0,"15":0,"16":0,"17":0,"18":0,"19":0,"20":0,"21":1,"22":1,"23":0,"24":0,"25":0,"26":0,"27":0,"28":0,"29":0,"30":0,"31":0,"32":0,"33":0,"34":0,"35":1,"36":1,"37":0,"38":0,"39":0,"40":0,"41":0,"42":0,"43":0,"44":0,"45":1},"f":{"0":0,"1":0,"2":0},"b":{"0":[0],"1":[0],"2":[0,0],"3":[0],"4":[0],"5":[0],"6":[0]}}
,"/home/sam/Documents/my-express-app/scr/controllers/users.ts": {"path":"/home/sam/Documents/my-express-app/scr/controllers/users.ts","statementMap":{"0":{"start":{"line":2,"column":0},"end":{"line":2,"column":53}},"1":{"start":{"line":3,"column":0},"end":{"line":3,"column":30}},"2":{"start":{"line":4,"column":0},"end":{"line":4,"column":31}},"3":{"start":{"line":5,"column":0},"end":{"line":5,"column":46}},"4":{"start":{"line":7,"column":0},"end":{"line":7,"column":43}},"5":{"start":{"line":9,"column":15},"end":{"line":53,"column":1}},"6":{"start":{"line":10,"column":2},"end":{"line":52,"column":3}},"7":{"start":{"line":11,"column":19},"end":{"line":11,"column":45}},"8":{"start":{"line":12,"column":4},"end":{"line":12,"column":null}},"9":{"start":{"line":13,"column":4},"end":{"line":15,"column":5}},"10":{"start":{"line":14,"column":6},"end":{"line":14,"column":62}},"11":{"start":{"line":17,"column":78},"end":{"line":17,"column":86}},"12":{"start":{"line":19,"column":27},"end":{"line":19,"column":58}},"13":{"start":{"line":21,"column":27},"end":{"line":29,"column":6}},"14":{"start":{"line":31,"column":22},"end":{"line":31,"column":42}},"15":{"start":{"line":33,"column":18},"end":{"line":36,"column":null}},"16":{"start":{"line":39,"column":4},"end":{"line":41,"column":5}},"17":{"start":{"line":40,"column":6},"end":{"line":40,"column":50}},"18":{"start":{"line":43,"column":29},"end":{"line":43,"column":80}},"19":{"start":{"line":45,"column":4},"end":{"line":48,"column":7}},"20":{"start":{"line":50,"column":4},"end":{"line":50,"column":47}},"21":{"start":{"line":51,"column":4},"end":{"line":51,"column":16}},"22":{"start":{"line":176,"column":9},"end":{"line":176,"column":15}},"23":{"start":{"line":55,"column":15},"end":{"line":95,"column":1}},"24":{"start":{"line":56,"column":2},"end":{"line":94,"column":3}},"25":{"start":{"line":57,"column":19},"end":{"line":57,"column":45}},"26":{"start":{"line":58,"column":4},"end":{"line":60,"column":5}},"27":{"start":{"line":59,"column":6},"end":{"line":59,"column":62}},"28":{"start":{"line":62,"column":32},"end":{"line":62,"column":40}},"29":{"start":{"line":64,"column":17},"end":{"line":64,"column":46}},"30":{"start":{"line":66,"column":4},"end":{"line":68,"column":5}},"31":{"start":{"line":67,"column":6},"end":{"line":67,"column":76}},"32":{"start":{"line":70,"column":28},"end":{"line":70,"column":73}},"33":{"start":{"line":72,"column":4},"end":{"line":74,"column":5}},"34":{"start":{"line":73,"column":6},"end":{"line":73,"column":76}},"35":{"start":{"line":76,"column":18},"end":{"line":79,"column":null}},"36":{"start":{"line":82,"column":4},"end":{"line":84,"column":5}},"37":{"start":{"line":83,"column":6},"end":{"line":83,"column":50}},"38":{"start":{"line":86,"column":29},"end":{"line":86,"column":75}},"39":{"start":{"line":88,"column":4},"end":{"line":91,"column":7}},"40":{"start":{"line":93,"column":4},"end":{"line":93,"column":16}},"41":{"start":{"line":176,"column":17},"end":{"line":176,"column":23}},"42":{"start":{"line":97,"column":15},"end":{"line":138,"column":1}},"43":{"start":{"line":98,"column":18},"end":{"line":98,"column":31}},"44":{"start":{"line":99,"column":2},"end":{"line":137,"column":3}},"45":{"start":{"line":100,"column":19},"end":{"line":100,"column":40}},"46":{"start":{"line":101,"column":4},"end":{"line":103,"column":5}},"47":{"start":{"line":102,"column":6},"end":{"line":102,"column":62}},"48":{"start":{"line":105,"column":78},"end":{"line":105,"column":86}},"49":{"start":{"line":107,"column":41},"end":{"line":107,"column":43}},"50":{"start":{"line":109,"column":4},"end":{"line":109,"column":54}},"51":{"start":{"line":109,"column":19},"end":{"line":109,"column":54}},"52":{"start":{"line":110,"column":4},"end":{"line":110,"column":51}},"53":{"start":{"line":110,"column":18},"end":{"line":110,"column":51}},"54":{"start":{"line":111,"column":4},"end":{"line":111,"column":50}},"55":{"start":{"line":111,"column":17},"end":{"line":111,"column":50}},"56":{"start":{"line":112,"column":4},"end":{"line":112,"column":42}},"57":{"start":{"line":112,"column":15},"end":{"line":112,"column":42}},"58":{"start":{"line":113,"column":4},"end":{"line":116,"column":5}},"59":{"start":{"line":114,"column":29},"end":{"line":114,"column":60}},"60":{"start":{"line":115,"column":6},"end":{"line":115,"column":45}},"61":{"start":{"line":117,"column":4},"end":{"line":117,"column":39}},"62":{"start":{"line":117,"column":14},"end":{"line":117,"column":39}},"63":{"start":{"line":118,"column":4},"end":{"line":118,"column":49}},"64":{"start":{"line":118,"column":17},"end":{"line":118,"column":49}},"65":{"start":{"line":120,"column":24},"end":{"line":123,"column":null}},"66":{"start":{"line":126,"column":4},"end":{"line":128,"column":5}},"67":{"start":{"line":127,"column":6},"end":{"line":127,"column":65}},"68":{"start":{"line":130,"column":29},"end":{"line":130,"column":82}},"69":{"start":{"line":132,"column":4},"end":{"line":134,"column":81}},"70":{"start":{"line":136,"column":4},"end":{"line":136,"column":16}},"71":{"start":{"line":176,"column":25},"end":{"line":176,"column":31}},"72":{"start":{"line":140,"column":16},"end":{"line":158,"column":1}},"73":{"start":{"line":141,"column":17},"end":{"line":141,"column":30}},"74":{"start":{"line":142,"column":2},"end":{"line":157,"column":3}},"75":{"start":{"line":143,"column":19},"end":{"line":143,"column":40}},"76":{"start":{"line":144,"column":4},"end":{"line":146,"column":5}},"77":{"start":{"line":145,"column":6},"end":{"line":145,"column":62}},"78":{"start":{"line":148,"column":24},"end":{"line":148,"column":60}},"79":{"start":{"line":150,"column":4},"end":{"line":152,"column":5}},"80":{"start":{"line":151,"column":6},"end":{"line":151,"column":65}},"81":{"start":{"line":154,"column":4},"end":{"line":154,"column":74}},"82":{"start":{"line":156,"column":4},"end":{"line":156,"column":16}},"83":{"start":{"line":176,"column":33},"end":{"line":176,"column":40}},"84":{"start":{"line":160,"column":18},"end":{"line":174,"column":1}},"85":{"start":{"line":161,"column":2},"end":{"line":173,"column":3}},"86":{"start":{"line":162,"column":19},"end":{"line":162,"column":40}},"87":{"start":{"line":163,"column":4},"end":{"line":165,"column":5}},"88":{"start":{"line":164,"column":6},"end":{"line":164,"column":62}},"89":{"start":{"line":167,"column":4},"end":{"line":167,"column":30}},"90":{"start":{"line":168,"column":4},"end":{"line":170,"column":59}},"91":{"start":{"line":172,"column":4},"end":{"line":172,"column":16}},"92":{"start":{"line":176,"column":42},"end":{"line":176,"column":51}}},"fnMap":{"0":{"name":"(anonymous_1)","decl":{"start":{"line":9,"column":15},"end":{"line":9,"column":20}},"loc":{"start":{"line":9,"column":73},"end":{"line":53,"column":1}}},"1":{"name":"(anonymous_2)","decl":{"start":{"line":55,"column":15},"end":{"line":55,"column":20}},"loc":{"start":{"line":55,"column":73},"end":{"line":95,"column":1}}},"2":{"name":"(anonymous_3)","decl":{"start":{"line":97,"column":15},"end":{"line":97,"column":20}},"loc":{"start":{"line":97,"column":73},"end":{"line":138,"column":1}}},"3":{"name":"(anonymous_4)","decl":{"start":{"line":140,"column":16},"end":{"line":140,"column":21}},"loc":{"start":{"line":140,"column":74},"end":{"line":158,"column":1}}},"4":{"name":"(anonymous_5)","decl":{"start":{"line":160,"column":18},"end":{"line":160,"column":23}},"loc":{"start":{"line":160,"column":76},"end":{"line":174,"column":1}}}},"branchMap":{"0":{"loc":{"start":{"line":13,"column":4},"end":{"line":15,"column":5}},"type":"if","locations":[{"start":{"line":13,"column":4},"end":{"line":15,"column":5}}]},"1":{"loc":{"start":{"line":35,"column":6},"end":{"line":35,"column":47}},"type":"binary-expr","locations":[{"start":{"line":35,"column":6},"end":{"line":35,"column":30}},{"start":{"line":35,"column":34},"end":{"line":35,"column":47}}]},"2":{"loc":{"start":{"line":39,"column":4},"end":{"line":41,"column":5}},"type":"if","locations":[{"start":{"line":39,"column":4},"end":{"line":41,"column":5}}]},"3":{"loc":{"start":{"line":58,"column":4},"end":{"line":60,"column":5}},"type":"if","locations":[{"start":{"line":58,"column":4},"end":{"line":60,"column":5}}]},"4":{"loc":{"start":{"line":66,"column":4},"end":{"line":68,"column":5}},"type":"if","locations":[{"start":{"line":66,"column":4},"end":{"line":68,"column":5}}]},"5":{"loc":{"start":{"line":72,"column":4},"end":{"line":74,"column":5}},"type":"if","locations":[{"start":{"line":72,"column":4},"end":{"line":74,"column":5}}]},"6":{"loc":{"start":{"line":78,"column":6},"end":{"line":78,"column":47}},"type":"binary-expr","locations":[{"start":{"line":78,"column":6},"end":{"line":78,"column":30}},{"start":{"line":78,"column":34},"end":{"line":78,"column":47}}]},"7":{"loc":{"start":{"line":82,"column":4},"end":{"line":84,"column":5}},"type":"if","locations":[{"start":{"line":82,"column":4},"end":{"line":84,"column":5}}]},"8":{"loc":{"start":{"line":101,"column":4},"end":{"line":103,"column":5}},"type":"if","locations":[{"start":{"line":101,"column":4},"end":{"line":103,"column":5}}]},"9":{"loc":{"start":{"line":109,"column":4},"end":{"line":109,"column":54}},"type":"if","locations":[{"start":{"line":109,"column":4},"end":{"line":109,"column":54}}]},"10":{"loc":{"start":{"line":110,"column":4},"end":{"line":110,"column":51}},"type":"if","locations":[{"start":{"line":110,"column":4},"end":{"line":110,"column":51}}]},"11":{"loc":{"start":{"line":111,"column":4},"end":{"line":111,"column":50}},"type":"if","locations":[{"start":{"line":111,"column":4},"end":{"line":111,"column":50}}]},"12":{"loc":{"start":{"line":112,"column":4},"end":{"line":112,"column":42}},"type":"if","locations":[{"start":{"line":112,"column":4},"end":{"line":112,"column":42}}]},"13":{"loc":{"start":{"line":113,"column":4},"end":{"line":116,"column":5}},"type":"if","locations":[{"start":{"line":113,"column":4},"end":{"line":116,"column":5}}]},"14":{"loc":{"start":{"line":117,"column":4},"end":{"line":117,"column":39}},"type":"if","locations":[{"start":{"line":117,"column":4},"end":{"line":117,"column":39}}]},"15":{"loc":{"start":{"line":118,"column":4},"end":{"line":118,"column":49}},"type":"if","locations":[{"start":{"line":118,"column":4},"end":{"line":118,"column":49}}]},"16":{"loc":{"start":{"line":126,"column":4},"end":{"line":128,"column":5}},"type":"if","locations":[{"start":{"line":126,"column":4},"end":{"line":128,"column":5}}]},"17":{"loc":{"start":{"line":144,"column":4},"end":{"line":146,"column":5}},"type":"if","locations":[{"start":{"line":144,"column":4},"end":{"line":146,"column":5}}]},"18":{"loc":{"start":{"line":150,"column":4},"end":{"line":152,"column":5}},"type":"if","locations":[{"start":{"line":150,"column":4},"end":{"line":152,"column":5}}]},"19":{"loc":{"start":{"line":163,"column":4},"end":{"line":165,"column":5}},"type":"if","locations":[{"start":{"line":163,"column":4},"end":{"line":165,"column":5}}]}},"s":{"0":1,"1":1,"2":1,"3":1,"4":1,"5":1,"6":1,"7":1,"8":1,"9":1,"10":0,"11":1,"12":1,"13":1,"14":1,"15":1,"16":1,"17":0,"18":1,"19":1,"20":0,"21":0,"22":1,"23":1,"24":1,"25":1,"26":1,"27":0,"28":1,"29":1,"30":1,"31":0,"32":1,"33":1,"34":0,"35":1,"36":1,"37":0,"38":1,"39":1,"40":0,"41":1,"42":1,"43":1,"44":1,"45":1,"46":1,"47":0,"48":1,"49":1,"50":1,"51":1,"52":1,"53":1,"54":1,"55":1,"56":1,"57":1,"58":1,"59":1,"60":1,"61":1,"62":1,"63":1,"64":1,"65":1,"66":1,"67":0,"68":1,"69":1,"70":0,"71":1,"72":1,"73":1,"74":1,"75":1,"76":1,"77":0,"78":1,"79":1,"80":0,"81":1,"82":0,"83":1,"84":1,"85":1,"86":1,"87":1,"88":0,"89":1,"90":1,"91":0,"92":1},"f":{"0":1,"1":1,"2":1,"3":1,"4":1},"b":{"0":[0],"1":[1,1],"2":[0],"3":[0],"4":[0],"5":[0],"6":[1,1],"7":[0],"8":[0],"9":[1],"10":[1],"11":[1],"12":[1],"13":[1],"14":[1],"15":[1],"16":[0],"17":[0],"18":[0],"19":[0]}}
,"/home/sam/Documents/my-express-app/scr/middlewares/authenticate.ts": {"path":"/home/sam/Documents/my-express-app/scr/middlewares/authenticate.ts","statementMap":{"0":{"start":{"line":2,"column":0},"end":{"line":2,"column":31}},"1":{"start":{"line":3,"column":0},"end":{"line":3,"column":35}},"2":{"start":{"line":5,"column":0},"end":{"line":5,"column":27}},"3":{"start":{"line":11,"column":21},"end":{"line":42,"column":1}},"4":{"start":{"line":12,"column":4},"end":{"line":41,"column":5}},"5":{"start":{"line":13,"column":22},"end":{"line":13,"column":62}},"6":{"start":{"line":15,"column":8},"end":{"line":17,"column":9}},"7":{"start":{"line":16,"column":12},"end":{"line":16,"column":83}},"8":{"start":{"line":19,"column":23},"end":{"line":19,"column":64}},"9":{"start":{"line":21,"column":8},"end":{"line":23,"column":9}},"10":{"start":{"line":22,"column":12},"end":{"line":22,"column":106}},"11":{"start":{"line":25,"column":29},"end":{"line":25,"column":54}},"12":{"start":{"line":27,"column":8},"end":{"line":29,"column":9}},"13":{"start":{"line":28,"column":12},"end":{"line":28,"column":75}},"14":{"start":{"line":31,"column":21},"end":{"line":31,"column":58}},"15":{"start":{"line":33,"column":8},"end":{"line":35,"column":9}},"16":{"start":{"line":34,"column":12},"end":{"line":34,"column":69}},"17":{"start":{"line":37,"column":9},"end":{"line":37,"column":50}},"18":{"start":{"line":38,"column":8},"end":{"line":38,"column":15}},"19":{"start":{"line":40,"column":8},"end":{"line":40,"column":64}},"20":{"start":{"line":44,"column":0},"end":{"line":44,"column":28}}},"fnMap":{"0":{"name":"(anonymous_1)","decl":{"start":{"line":11,"column":21},"end":{"line":11,"column":26}},"loc":{"start":{"line":11,"column":79},"end":{"line":42,"column":1}}}},"branchMap":{"0":{"loc":{"start":{"line":13,"column":22},"end":{"line":13,"column":62}},"type":"cond-expr","locations":[{"start":{"line":13,"column":47},"end":{"line":13,"column":49}},{"start":{"line":13,"column":47},"end":{"line":13,"column":62}}]},"1":{"loc":{"start":{"line":13,"column":22},"end":{"line":13,"column":49}},"type":"binary-expr","locations":[{"start":{"line":13,"column":22},"end":{"line":13,"column":49}},{"start":{"line":13,"column":47},"end":{"line":13,"column":49}}]},"2":{"loc":{"start":{"line":15,"column":8},"end":{"line":17,"column":9}},"type":"if","locations":[{"start":{"line":15,"column":8},"end":{"line":17,"column":9}}]},"3":{"loc":{"start":{"line":19,"column":23},"end":{"line":19,"column":64}},"type":"binary-expr","locations":[{"start":{"line":19,"column":23},"end":{"line":19,"column":47}},{"start":{"line":19,"column":51},"end":{"line":19,"column":64}}]},"4":{"loc":{"start":{"line":21,"column":8},"end":{"line":23,"column":9}},"type":"if","locations":[{"start":{"line":21,"column":8},"end":{"line":23,"column":9}}]},"5":{"loc":{"start":{"line":27,"column":8},"end":{"line":29,"column":9}},"type":"if","locations":[{"start":{"line":27,"column":8},"end":{"line":29,"column":9}}]},"6":{"loc":{"start":{"line":33,"column":8},"end":{"line":35,"column":9}},"type":"if","locations":[{"start":{"line":33,"column":8},"end":{"line":35,"column":9}}]}},"s":{"0":1,"1":1,"2":1,"3":1,"4":7,"5":7,"6":7,"7":1,"8":6,"9":6,"10":0,"11":6,"12":6,"13":0,"14":6,"15":6,"16":0,"17":6,"18":6,"19":0,"20":1},"f":{"0":7},"b":{"0":[1,6],"1":[7,7],"2":[1],"3":[6,6],"4":[0],"5":[0],"6":[0]}}
,"/home/sam/Documents/my-express-app/scr/middlewares/isAdmin.ts": {"path":"/home/sam/Documents/my-express-app/scr/middlewares/isAdmin.ts","statementMap":{"0":{"start":{"line":2,"column":0},"end":{"line":2,"column":31}},"1":{"start":{"line":3,"column":0},"end":{"line":3,"column":35}},"2":{"start":{"line":5,"column":0},"end":{"line":5,"column":27}},"3":{"start":{"line":7,"column":16},"end":{"line":33,"column":1}},"4":{"start":{"line":8,"column":18},"end":{"line":8,"column":58}},"5":{"start":{"line":10,"column":4},"end":{"line":12,"column":5}},"6":{"start":{"line":11,"column":8},"end":{"line":11,"column":70}},"7":{"start":{"line":14,"column":4},"end":{"line":32,"column":5}},"8":{"start":{"line":15,"column":29},"end":{"line":15,"column":89}},"9":{"start":{"line":17,"column":21},"end":{"line":17,"column":53}},"10":{"start":{"line":19,"column":8},"end":{"line":21,"column":9}},"11":{"start":{"line":20,"column":12},"end":{"line":20,"column":71}},"12":{"start":{"line":23,"column":8},"end":{"line":26,"column":9}},"13":{"start":{"line":24,"column":12},"end":{"line":24,"column":35}},"14":{"start":{"line":25,"column":12},"end":{"line":25,"column":91}},"15":{"start":{"line":28,"column":8},"end":{"line":28,"column":15}},"16":{"start":{"line":30,"column":8},"end":{"line":30,"column":61}},"17":{"start":{"line":31,"column":8},"end":{"line":31,"column":80}},"18":{"start":{"line":35,"column":0},"end":{"line":35,"column":23}}},"fnMap":{"0":{"name":"(anonymous_1)","decl":{"start":{"line":7,"column":16},"end":{"line":7,"column":21}},"loc":{"start":{"line":7,"column":74},"end":{"line":33,"column":1}}}},"branchMap":{"0":{"loc":{"start":{"line":8,"column":18},"end":{"line":8,"column":58}},"type":"cond-expr","locations":[{"start":{"line":8,"column":43},"end":{"line":8,"column":45}},{"start":{"line":8,"column":43},"end":{"line":8,"column":58}}]},"1":{"loc":{"start":{"line":8,"column":18},"end":{"line":8,"column":45}},"type":"binary-expr","locations":[{"start":{"line":8,"column":18},"end":{"line":8,"column":45}},{"start":{"line":8,"column":43},"end":{"line":8,"column":45}}]},"2":{"loc":{"start":{"line":10,"column":4},"end":{"line":12,"column":5}},"type":"if","locations":[{"start":{"line":10,"column":4},"end":{"line":12,"column":5}}]},"3":{"loc":{"start":{"line":15,"column":47},"end":{"line":15,"column":88}},"type":"binary-expr","locations":[{"start":{"line":15,"column":47},"end":{"line":15,"column":71}},{"start":{"line":15,"column":75},"end":{"line":15,"column":88}}]},"4":{"loc":{"start":{"line":19,"column":8},"end":{"line":21,"column":9}},"type":"if","locations":[{"start":{"line":19,"column":8},"end":{"line":21,"column":9}}]},"5":{"loc":{"start":{"line":23,"column":8},"end":{"line":26,"column":9}},"type":"if","locations":[{"start":{"line":23,"column":8},"end":{"line":26,"column":9}}]}},"s":{"0":1,"1":1,"2":1,"3":1,"4":4,"5":4,"6":0,"7":4,"8":4,"9":4,"10":4,"11":0,"12":4,"13":0,"14":0,"15":4,"16":0,"17":0,"18":1},"f":{"0":4},"b":{"0":[0,4],"1":[4,4],"2":[0],"3":[4,4],"4":[0],"5":[0]}}
,"/home/sam/Documents/my-express-app/scr/middlewares/isUser.ts": {"path":"/home/sam/Documents/my-express-app/scr/middlewares/isUser.ts","statementMap":{"0":{"start":{"line":2,"column":0},"end":{"line":2,"column":31}},"1":{"start":{"line":3,"column":0},"end":{"line":3,"column":35}},"2":{"start":{"line":5,"column":0},"end":{"line":5,"column":27}},"3":{"start":{"line":7,"column":15},"end":{"line":32,"column":1}},"4":{"start":{"line":8,"column":18},"end":{"line":8,"column":58}},"5":{"start":{"line":10,"column":4},"end":{"line":12,"column":5}},"6":{"start":{"line":11,"column":8},"end":{"line":11,"column":70}},"7":{"start":{"line":14,"column":4},"end":{"line":31,"column":5}},"8":{"start":{"line":15,"column":29},"end":{"line":15,"column":89}},"9":{"start":{"line":17,"column":21},"end":{"line":17,"column":53}},"10":{"start":{"line":19,"column":8},"end":{"line":21,"column":9}},"11":{"start":{"line":20,"column":12},"end":{"line":20,"column":71}},"12":{"start":{"line":23,"column":8},"end":{"line":25,"column":9}},"13":{"start":{"line":24,"column":12},"end":{"line":24,"column":97}},"14":{"start":{"line":27,"column":8},"end":{"line":27,"column":15}},"15":{"start":{"line":29,"column":8},"end":{"line":29,"column":60}},"16":{"start":{"line":30,"column":8},"end":{"line":30,"column":80}},"17":{"start":{"line":34,"column":0},"end":{"line":34,"column":22}}},"fnMap":{"0":{"name":"(anonymous_1)","decl":{"start":{"line":7,"column":15},"end":{"line":7,"column":20}},"loc":{"start":{"line":7,"column":73},"end":{"line":32,"column":1}}}},"branchMap":{"0":{"loc":{"start":{"line":8,"column":18},"end":{"line":8,"column":58}},"type":"cond-expr","locations":[{"start":{"line":8,"column":43},"end":{"line":8,"column":45}},{"start":{"line":8,"column":43},"end":{"line":8,"column":58}}]},"1":{"loc":{"start":{"line":8,"column":18},"end":{"line":8,"column":45}},"type":"binary-expr","locations":[{"start":{"line":8,"column":18},"end":{"line":8,"column":45}},{"start":{"line":8,"column":43},"end":{"line":8,"column":45}}]},"2":{"loc":{"start":{"line":10,"column":4},"end":{"line":12,"column":5}},"type":"if","locations":[{"start":{"line":10,"column":4},"end":{"line":12,"column":5}}]},"3":{"loc":{"start":{"line":15,"column":47},"end":{"line":15,"column":88}},"type":"binary-expr","locations":[{"start":{"line":15,"column":47},"end":{"line":15,"column":71}},{"start":{"line":15,"column":75},"end":{"line":15,"column":88}}]},"4":{"loc":{"start":{"line":19,"column":8},"end":{"line":21,"column":9}},"type":"if","locations":[{"start":{"line":19,"column":8},"end":{"line":21,"column":9}}]},"5":{"loc":{"start":{"line":23,"column":8},"end":{"line":25,"column":9}},"type":"if","locations":[{"start":{"line":23,"column":8},"end":{"line":25,"column":9}}]}},"s":{"0":1,"1":1,"2":1,"3":1,"4":1,"5":1,"6":0,"7":1,"8":1,"9":1,"10":1,"11":0,"12":1,"13":1,"14":0,"15":0,"16":0,"17":1},"f":{"0":1},"b":{"0":[0,1],"1":[1,1],"2":[0],"3":[1,1],"4":[0],"5":[1]}}
,"/home/sam/Documents/my-express-app/scr/middlewares/upload.ts": {"path":"/home/sam/Documents/my-express-app/scr/middlewares/upload.ts","statementMap":{"0":{"start":{"line":1,"column":0},"end":{"line":1,"column":24}},"1":{"start":{"line":2,"column":0},"end":{"line":2,"column":47}},"2":{"start":{"line":4,"column":0},"end":{"line":4,"column":20}},"3":{"start":{"line":6,"column":18},"end":{"line":6,"column":31}},"4":{"start":{"line":7,"column":0},"end":{"line":9,"column":1}},"5":{"start":{"line":8,"column":4},"end":{"line":8,"column":28}},"6":{"start":{"line":11,"column":31},"end":{"line":19,"column":2}},"7":{"start":{"line":13,"column":8},"end":{"line":13,"column":28}},"8":{"start":{"line":16,"column":18},"end":{"line":16,"column":49}},"9":{"start":{"line":17,"column":8},"end":{"line":17,"column":35}},"10":{"start":{"line":21,"column":15},"end":{"line":31,"column":2}},"11":{"start":{"line":24,"column":8},"end":{"line":28,"column":9}},"12":{"start":{"line":25,"column":12},"end":{"line":25,"column":33}},"13":{"start":{"line":27,"column":12},"end":{"line":27,"column":34}},"14":{"start":{"line":33,"column":0},"end":{"line":33,"column":22}}},"fnMap":{"0":{"name":"(anonymous_1)","decl":{"start":{"line":12,"column":17},"end":{"line":12,"column":27}},"loc":{"start":{"line":12,"column":70},"end":{"line":14,"column":5}}},"1":{"name":"(anonymous_2)","decl":{"start":{"line":15,"column":14},"end":{"line":15,"column":24}},"loc":{"start":{"line":15,"column":67},"end":{"line":18,"column":5}}},"2":{"name":"(anonymous_3)","decl":{"start":{"line":23,"column":16},"end":{"line":23,"column":26}},"loc":{"start":{"line":23,"column":45},"end":{"line":29,"column":5}}}},"branchMap":{"0":{"loc":{"start":{"line":7,"column":0},"end":{"line":9,"column":1}},"type":"if","locations":[{"start":{"line":7,"column":0},"end":{"line":9,"column":1}}]},"1":{"loc":{"start":{"line":24,"column":8},"end":{"line":28,"column":9}},"type":"if","locations":[{"start":{"line":24,"column":8},"end":{"line":28,"column":9}},{"start":{"line":26,"column":15},"end":{"line":28,"column":9}}]},"2":{"loc":{"start":{"line":24,"column":12},"end":{"line":24,"column":107}},"type":"binary-expr","locations":[{"start":{"line":24,"column":12},"end":{"line":24,"column":42}},{"start":{"line":24,"column":46},"end":{"line":24,"column":75}},{"start":{"line":24,"column":78},"end":{"line":24,"column":107}}]}},"s":{"0":1,"1":1,"2":1,"3":1,"4":1,"5":0,"6":1,"7":0,"8":0,"9":0,"10":1,"11":0,"12":0,"13":0,"14":1},"f":{"0":0,"1":0,"2":0},"b":{"0":[0],"1":[0,0],"2":[0,0,0]}}
,"/home/sam/Documents/my-express-app/scr/models/blogs.ts": {"path":"/home/sam/Documents/my-express-app/scr/models/blogs.ts","statementMap":{"0":{"start":{"line":1,"column":0},"end":{"line":1,"column":54}},"1":{"start":{"line":10,"column":27},"end":{"line":16,"column":24}},"2":{"start":{"line":18,"column":13},"end":{"line":18,"column":54}},"3":{"start":{"line":20,"column":0},"end":{"line":20,"column":20}}},"fnMap":{},"branchMap":{},"s":{"0":1,"1":1,"2":1,"3":1},"f":{},"b":{}}
,"/home/sam/Documents/my-express-app/scr/models/comments.ts": {"path":"/home/sam/Documents/my-express-app/scr/models/comments.ts","statementMap":{"0":{"start":{"line":1,"column":0},"end":{"line":1,"column":54}},"1":{"start":{"line":9,"column":30},"end":{"line":22,"column":24}},"2":{"start":{"line":24,"column":16},"end":{"line":24,"column":66}},"3":{"start":{"line":26,"column":0},"end":{"line":26,"column":23}}},"fnMap":{},"branchMap":{},"s":{"0":1,"1":1,"2":1,"3":1},"f":{},"b":{}}
,"/home/sam/Documents/my-express-app/scr/models/users.ts": {"path":"/home/sam/Documents/my-express-app/scr/models/users.ts","statementMap":{"0":{"start":{"line":1,"column":0},"end":{"line":1,"column":54}},"1":{"start":{"line":13,"column":27},"end":{"line":43,"column":24}},"2":{"start":{"line":45,"column":13},"end":{"line":45,"column":54}},"3":{"start":{"line":47,"column":0},"end":{"line":47,"column":20}}},"fnMap":{},"branchMap":{},"s":{"0":1,"1":1,"2":1,"3":1},"f":{},"b":{}}
,"/home/sam/Documents/my-express-app/scr/routes/blogs.ts": {"path":"/home/sam/Documents/my-express-app/scr/routes/blogs.ts","statementMap":{"0":{"start":{"line":1,"column":0},"end":{"line":1,"column":42}},"1":{"start":{"line":2,"column":0},"end":{"line":2,"column":87}},"2":{"start":{"line":3,"column":0},"end":{"line":3,"column":43}},"3":{"start":{"line":4,"column":0},"end":{"line":4,"column":55}},"4":{"start":{"line":5,"column":0},"end":{"line":5,"column":45}},"5":{"start":{"line":7,"column":23},"end":{"line":7,"column":31}},"6":{"start":{"line":16,"column":0},"end":{"line":16,"column":46}},"7":{"start":{"line":17,"column":0},"end":{"line":17,"column":56}},"8":{"start":{"line":18,"column":0},"end":{"line":18,"column":78}},"9":{"start":{"line":19,"column":0},"end":{"line":19,"column":57}},"10":{"start":{"line":20,"column":0},"end":{"line":20,"column":65}},"11":{"start":{"line":21,"column":0},"end":{"line":21,"column":62}},"12":{"start":{"line":23,"column":0},"end":{"line":23,"column":22}}},"fnMap":{},"branchMap":{},"s":{"0":1,"1":1,"2":1,"3":1,"4":1,"5":1,"6":1,"7":1,"8":1,"9":1,"10":1,"11":1,"12":1},"f":{},"b":{}}
,"/home/sam/Documents/my-express-app/scr/routes/comments.ts": {"path":"/home/sam/Documents/my-express-app/scr/routes/comments.ts","statementMap":{"0":{"start":{"line":1,"column":0},"end":{"line":1,"column":30}},"1":{"start":{"line":2,"column":0},"end":{"line":2,"column":63}},"2":{"start":{"line":3,"column":0},"end":{"line":3,"column":43}},"3":{"start":{"line":5,"column":15},"end":{"line":5,"column":31}},"4":{"start":{"line":15,"column":0},"end":{"line":15,"column":37}},"5":{"start":{"line":16,"column":0},"end":{"line":16,"column":42}},"6":{"start":{"line":17,"column":0},"end":{"line":17,"column":44}},"7":{"start":{"line":19,"column":0},"end":{"line":19,"column":22}}},"fnMap":{},"branchMap":{},"s":{"0":1,"1":1,"2":1,"3":1,"4":1,"5":1,"6":1,"7":1},"f":{},"b":{}}
,"/home/sam/Documents/my-express-app/scr/routes/users.ts": {"path":"/home/sam/Documents/my-express-app/scr/routes/users.ts","statementMap":{"0":{"start":{"line":1,"column":0},"end":{"line":1,"column":42}},"1":{"start":{"line":2,"column":0},"end":{"line":2,"column":82}},"2":{"start":{"line":3,"column":0},"end":{"line":3,"column":43}},"3":{"start":{"line":6,"column":23},"end":{"line":6,"column":31}},"4":{"start":{"line":15,"column":0},"end":{"line":15,"column":57}},"5":{"start":{"line":16,"column":0},"end":{"line":16,"column":31}},"6":{"start":{"line":17,"column":0},"end":{"line":17,"column":null}},"7":{"start":{"line":18,"column":0},"end":{"line":18,"column":null}},"8":{"start":{"line":19,"column":0},"end":{"line":19,"column":null}},"9":{"start":{"line":21,"column":0},"end":{"line":21,"column":22}}},"fnMap":{},"branchMap":{},"s":{"0":1,"1":1,"2":1,"3":1,"4":1,"5":1,"6":1,"7":1,"8":1,"9":1},"f":{},"b":{}}
}
