{"/home/sam/Documents/my-express-app/scr/server.ts": {"path":"/home/sam/Documents/my-express-app/scr/server.ts","statementMap":{"0":{"start":{"line":1,"column":0},"end":{"line":1,"column":67}},"1":{"start":{"line":2,"column":0},"end":{"line":2,"column":37}},"2":{"start":{"line":3,"column":0},"end":{"line":3,"column":24}},"3":{"start":{"line":4,"column":0},"end":{"line":4,"column":43}},"4":{"start":{"line":5,"column":0},"end":{"line":5,"column":63}},"5":{"start":{"line":7,"column":0},"end":{"line":7,"column":27}},"6":{"start":{"line":9,"column":0},"end":{"line":9,"column":34}},"7":{"start":{"line":10,"column":0},"end":{"line":10,"column":34}},"8":{"start":{"line":11,"column":0},"end":{"line":11,"column":40}},"9":{"start":{"line":13,"column":0},"end":{"line":13,"column":52}},"10":{"start":{"line":14,"column":0},"end":{"line":14,"column":28}},"11":{"start":{"line":16,"column":0},"end":{"line":19,"column":67}},"12":{"start":{"line":18,"column":14},"end":{"line":18,"column":49}},"13":{"start":{"line":19,"column":18},"end":{"line":19,"column":65}},"14":{"start":{"line":21,"column":12},"end":{"line":21,"column":21}},"15":{"start":{"line":23,"column":0},"end":{"line":23,"column":23}},"16":{"start":{"line":25,"column":0},"end":{"line":25,"column":27}},"17":{"start":{"line":26,"column":0},"end":{"line":26,"column":51}},"18":{"start":{"line":28,"column":0},"end":{"line":28,"column":69}},"19":{"start":{"line":30,"column":0},"end":{"line":34,"column":2}},"20":{"start":{"line":35,"column":0},"end":{"line":39,"column":2}},"21":{"start":{"line":40,"column":0},"end":{"line":44,"column":2}},"22":{"start":{"line":46,"column":0},"end":{"line":46,"column":70}},"23":{"start":{"line":48,"column":0},"end":{"line":51,"column":3}},"24":{"start":{"line":49,"column":2},"end":{"line":49,"column":27}},"25":{"start":{"line":50,"column":2},"end":{"line":50,"column":70}},"26":{"start":{"line":53,"column":21},"end":{"line":53,"column":73}},"27":{"start":{"line":55,"column":15},"end":{"line":57,"column":2}},"28":{"start":{"line":56,"column":2},"end":{"line":56,"column":48}},"29":{"start":{"line":59,"column":0},"end":{"line":65,"column":3}},"30":{"start":{"line":60,"column":2},"end":{"line":60,"column":41}},"31":{"start":{"line":61,"column":2},"end":{"line":64,"column":5}},"32":{"start":{"line":62,"column":4},"end":{"line":62,"column":34}},"33":{"start":{"line":63,"column":4},"end":{"line":63,"column":20}},"34":{"start":{"line":67,"column":0},"end":{"line":67,"column":22}}},"fnMap":{"0":{"name":"(anonymous_1)","decl":{"start":{"line":18,"column":8},"end":{"line":18,"column":11}},"loc":{"start":{"line":18,"column":14},"end":{"line":18,"column":49}}},"1":{"name":"(anonymous_2)","decl":{"start":{"line":19,"column":9},"end":{"line":19,"column":10}},"loc":{"start":{"line":19,"column":18},"end":{"line":19,"column":65}}},"2":{"name":"(anonymous_3)","decl":{"start":{"line":48,"column":8},"end":{"line":48,"column":9}},"loc":{"start":{"line":48,"column":72},"end":{"line":51,"column":1}}},"3":{"name":"(anonymous_4)","decl":{"start":{"line":55,"column":32},"end":{"line":55,"column":35}},"loc":{"start":{"line":55,"column":37},"end":{"line":57,"column":1}}},"4":{"name":"(anonymous_5)","decl":{"start":{"line":59,"column":21},"end":{"line":59,"column":24}},"loc":{"start":{"line":59,"column":26},"end":{"line":65,"column":1}}},"5":{"name":"(anonymous_6)","decl":{"start":{"line":61,"column":15},"end":{"line":61,"column":18}},"loc":{"start":{"line":61,"column":20},"end":{"line":64,"column":3}}}},"branchMap":{"0":{"loc":{"start":{"line":17,"column":11},"end":{"line":17,"column":73}},"type":"binary-expr","locations":[{"start":{"line":17,"column":11},"end":{"line":17,"column":42}},{"start":{"line":17,"column":46},"end":{"line":17,"column":73}}]},"1":{"loc":{"start":{"line":53,"column":21},"end":{"line":53,"column":73}},"type":"cond-expr","locations":[{"start":{"line":53,"column":40},"end":{"line":53,"column":66}},{"start":{"line":53,"column":69},"end":{"line":53,"column":73}}]}},"s":{"0":3,"1":3,"2":3,"3":3,"4":3,"5":3,"6":3,"7":3,"8":3,"9":3,"10":3,"11":3,"12":0,"13":3,"14":3,"15":3,"16":3,"17":3,"18":3,"19":3,"20":3,"21":3,"22":3,"23":3,"24":0,"25":0,"26":3,"27":3,"28":3,"29":3,"30":0,"31":0,"32":0,"33":0,"34":3},"f":{"0":0,"1":3,"2":0,"3":3,"4":0,"5":0},"b":{"0":[3,3],"1":[0,3]}}
,"/home/sam/Documents/my-express-app/scr/controllers/blogs.ts": {"path":"/home/sam/Documents/my-express-app/scr/controllers/blogs.ts","statementMap":{"0":{"start":{"line":2,"column":0},"end":{"line":2,"column":46}},"1":{"start":{"line":3,"column":0},"end":{"line":3,"column":53}},"2":{"start":{"line":5,"column":12},"end":{"line":16,"column":1}},"3":{"start":{"line":6,"column":2},"end":{"line":15,"column":3}},"4":{"start":{"line":7,"column":18},"end":{"line":7,"column":35}},"5":{"start":{"line":8,"column":4},"end":{"line":8,"column":24}},"6":{"start":{"line":10,"column":4},"end":{"line":10,"column":50}},"7":{"start":{"line":11,"column":4},"end":{"line":14,"column":7}},"8":{"start":{"line":105,"column":9},"end":{"line":105,"column":12}},"9":{"start":{"line":18,"column":15},"end":{"line":30,"column":1}},"10":{"start":{"line":19,"column":13},"end":{"line":19,"column":26}},"11":{"start":{"line":20,"column":2},"end":{"line":29,"column":3}},"12":{"start":{"line":21,"column":17},"end":{"line":21,"column":40}},"13":{"start":{"line":22,"column":4},"end":{"line":24,"column":5}},"14":{"start":{"line":23,"column":6},"end":{"line":23,"column":65}},"15":{"start":{"line":25,"column":4},"end":{"line":25,"column":23}},"16":{"start":{"line":27,"column":4},"end":{"line":27,"column":49}},"17":{"start":{"line":28,"column":4},"end":{"line":28,"column":16}},"18":{"start":{"line":105,"column":14},"end":{"line":105,"column":20}},"19":{"start":{"line":32,"column":15},"end":{"line":53,"column":1}},"20":{"start":{"line":33,"column":51},"end":{"line":33,"column":59}},"21":{"start":{"line":34,"column":17},"end":{"line":34,"column":38}},"22":{"start":{"line":35,"column":2},"end":{"line":37,"column":3}},"23":{"start":{"line":36,"column":4},"end":{"line":36,"column":60}},"24":{"start":{"line":39,"column":2},"end":{"line":52,"column":3}},"25":{"start":{"line":40,"column":17},"end":{"line":46,"column":6}},"26":{"start":{"line":47,"column":22},"end":{"line":47,"column":39}},"27":{"start":{"line":48,"column":4},"end":{"line":48,"column":90}},"28":{"start":{"line":50,"column":4},"end":{"line":50,"column":47}},"29":{"start":{"line":51,"column":4},"end":{"line":51,"column":43}},"30":{"start":{"line":105,"column":22},"end":{"line":105,"column":28}},"31":{"start":{"line":55,"column":15},"end":{"line":79,"column":1}},"32":{"start":{"line":56,"column":51},"end":{"line":56,"column":59}},"33":{"start":{"line":57,"column":17},"end":{"line":57,"column":30}},"34":{"start":{"line":58,"column":17},"end":{"line":58,"column":38}},"35":{"start":{"line":59,"column":2},"end":{"line":61,"column":3}},"36":{"start":{"line":60,"column":4},"end":{"line":60,"column":60}},"37":{"start":{"line":62,"column":2},"end":{"line":78,"column":3}},"38":{"start":{"line":63,"column":24},"end":{"line":66,"column":null}},"39":{"start":{"line":68,"column":4},"end":{"line":70,"column":5}},"40":{"start":{"line":69,"column":6},"end":{"line":69,"column":66}},"41":{"start":{"line":71,"column":4},"end":{"line":74,"column":7}},"42":{"start":{"line":76,"column":4},"end":{"line":76,"column":49}},"43":{"start":{"line":77,"column":4},"end":{"line":77,"column":16}},"44":{"start":{"line":105,"column":30},"end":{"line":105,"column":36}},"45":{"start":{"line":81,"column":16},"end":{"line":93,"column":1}},"46":{"start":{"line":82,"column":17},"end":{"line":82,"column":30}},"47":{"start":{"line":83,"column":2},"end":{"line":92,"column":3}},"48":{"start":{"line":84,"column":24},"end":{"line":84,"column":60}},"49":{"start":{"line":85,"column":4},"end":{"line":87,"column":5}},"50":{"start":{"line":86,"column":6},"end":{"line":86,"column":66}},"51":{"start":{"line":88,"column":4},"end":{"line":88,"column":76}},"52":{"start":{"line":90,"column":4},"end":{"line":90,"column":49}},"53":{"start":{"line":91,"column":4},"end":{"line":91,"column":16}},"54":{"start":{"line":105,"column":38},"end":{"line":105,"column":45}},"55":{"start":{"line":95,"column":18},"end":{"line":103,"column":1}},"56":{"start":{"line":96,"column":2},"end":{"line":102,"column":3}},"57":{"start":{"line":97,"column":4},"end":{"line":97,"column":30}},"58":{"start":{"line":98,"column":4},"end":{"line":98,"column":78}},"59":{"start":{"line":100,"column":4},"end":{"line":100,"column":54}},"60":{"start":{"line":101,"column":4},"end":{"line":101,"column":16}},"61":{"start":{"line":105,"column":47},"end":{"line":105,"column":56}}},"fnMap":{"0":{"name":"(anonymous_1)","decl":{"start":{"line":5,"column":12},"end":{"line":5,"column":17}},"loc":{"start":{"line":5,"column":70},"end":{"line":16,"column":1}}},"1":{"name":"(anonymous_2)","decl":{"start":{"line":18,"column":15},"end":{"line":18,"column":20}},"loc":{"start":{"line":18,"column":73},"end":{"line":30,"column":1}}},"2":{"name":"(anonymous_3)","decl":{"start":{"line":32,"column":15},"end":{"line":32,"column":20}},"loc":{"start":{"line":32,"column":73},"end":{"line":53,"column":1}}},"3":{"name":"(anonymous_4)","decl":{"start":{"line":55,"column":15},"end":{"line":55,"column":20}},"loc":{"start":{"line":55,"column":73},"end":{"line":79,"column":1}}},"4":{"name":"(anonymous_5)","decl":{"start":{"line":81,"column":16},"end":{"line":81,"column":21}},"loc":{"start":{"line":81,"column":74},"end":{"line":93,"column":1}}},"5":{"name":"(anonymous_6)","decl":{"start":{"line":95,"column":18},"end":{"line":95,"column":23}},"loc":{"start":{"line":95,"column":76},"end":{"line":103,"column":1}}}},"branchMap":{"0":{"loc":{"start":{"line":22,"column":4},"end":{"line":24,"column":5}},"type":"if","locations":[{"start":{"line":22,"column":4},"end":{"line":24,"column":5}}]},"1":{"loc":{"start":{"line":35,"column":2},"end":{"line":37,"column":3}},"type":"if","locations":[{"start":{"line":35,"column":2},"end":{"line":37,"column":3}}]},"2":{"loc":{"start":{"line":45,"column":14},"end":{"line":45,"column":28}},"type":"cond-expr","locations":[{"start":{"line":45,"column":22},"end":{"line":45,"column":24}},{"start":{"line":45,"column":22},"end":{"line":45,"column":28}}]},"3":{"loc":{"start":{"line":45,"column":14},"end":{"line":45,"column":24}},"type":"binary-expr","locations":[{"start":{"line":45,"column":14},"end":{"line":45,"column":24}},{"start":{"line":45,"column":22},"end":{"line":45,"column":24}}]},"4":{"loc":{"start":{"line":59,"column":2},"end":{"line":61,"column":3}},"type":"if","locations":[{"start":{"line":59,"column":2},"end":{"line":61,"column":3}}]},"5":{"loc":{"start":{"line":68,"column":4},"end":{"line":70,"column":5}},"type":"if","locations":[{"start":{"line":68,"column":4},"end":{"line":70,"column":5}}]},"6":{"loc":{"start":{"line":85,"column":4},"end":{"line":87,"column":5}},"type":"if","locations":[{"start":{"line":85,"column":4},"end":{"line":87,"column":5}}]}},"s":{"0":3,"1":3,"2":3,"3":0,"4":0,"5":0,"6":0,"7":0,"8":3,"9":3,"10":0,"11":0,"12":0,"13":0,"14":0,"15":0,"16":0,"17":0,"18":3,"19":3,"20":0,"21":0,"22":0,"23":0,"24":0,"25":0,"26":0,"27":0,"28":0,"29":0,"30":3,"31":3,"32":0,"33":0,"34":0,"35":0,"36":0,"37":0,"38":0,"39":0,"40":0,"41":0,"42":0,"43":0,"44":3,"45":3,"46":0,"47":0,"48":0,"49":0,"50":0,"51":0,"52":0,"53":0,"54":3,"55":3,"56":0,"57":0,"58":0,"59":0,"60":0,"61":3},"f":{"0":0,"1":0,"2":0,"3":0,"4":0,"5":0},"b":{"0":[0],"1":[0],"2":[0,0],"3":[0,0],"4":[0],"5":[0],"6":[0]}}
,"/home/sam/Documents/my-express-app/scr/controllers/comments.ts": {"path":"/home/sam/Documents/my-express-app/scr/controllers/comments.ts","statementMap":{"0":{"start":{"line":2,"column":0},"end":{"line":2,"column":53}},"1":{"start":{"line":3,"column":0},"end":{"line":3,"column":55}},"2":{"start":{"line":4,"column":0},"end":{"line":4,"column":46}},"3":{"start":{"line":12,"column":12},"end":{"line":45,"column":1}},"4":{"start":{"line":13,"column":19},"end":{"line":13,"column":32}},"5":{"start":{"line":14,"column":4},"end":{"line":44,"column":5}},"6":{"start":{"line":15,"column":23},"end":{"line":15,"column":44}},"7":{"start":{"line":16,"column":8},"end":{"line":18,"column":9}},"8":{"start":{"line":17,"column":12},"end":{"line":17,"column":68}},"9":{"start":{"line":20,"column":8},"end":{"line":22,"column":9}},"10":{"start":{"line":21,"column":12},"end":{"line":21,"column":69}},"11":{"start":{"line":24,"column":23},"end":{"line":24,"column":35}},"12":{"start":{"line":25,"column":28},"end":{"line":25,"column":36}},"13":{"start":{"line":27,"column":22},"end":{"line":27,"column":49}},"14":{"start":{"line":28,"column":8},"end":{"line":30,"column":9}},"15":{"start":{"line":29,"column":12},"end":{"line":29,"column":72}},"16":{"start":{"line":32,"column":37},"end":{"line":36,"column":10}},"17":{"start":{"line":38,"column":8},"end":{"line":38,"column":32}},"18":{"start":{"line":40,"column":8},"end":{"line":40,"column":100}},"19":{"start":{"line":42,"column":8},"end":{"line":42,"column":54}},"20":{"start":{"line":43,"column":8},"end":{"line":43,"column":74}},"21":{"start":{"line":90,"column":9},"end":{"line":90,"column":12}},"22":{"start":{"line":47,"column":15},"end":{"line":72,"column":1}},"23":{"start":{"line":48,"column":26},"end":{"line":48,"column":36}},"24":{"start":{"line":49,"column":4},"end":{"line":71,"column":5}},"25":{"start":{"line":50,"column":23},"end":{"line":50,"column":44}},"26":{"start":{"line":51,"column":8},"end":{"line":53,"column":9}},"27":{"start":{"line":52,"column":12},"end":{"line":52,"column":68}},"28":{"start":{"line":55,"column":28},"end":{"line":55,"column":36}},"29":{"start":{"line":57,"column":31},"end":{"line":60,"column":null}},"30":{"start":{"line":63,"column":8},"end":{"line":65,"column":9}},"31":{"start":{"line":64,"column":12},"end":{"line":64,"column":74}},"32":{"start":{"line":67,"column":8},"end":{"line":67,"column":106}},"33":{"start":{"line":69,"column":8},"end":{"line":69,"column":56}},"34":{"start":{"line":70,"column":8},"end":{"line":70,"column":74}},"35":{"start":{"line":90,"column":14},"end":{"line":90,"column":20}},"36":{"start":{"line":74,"column":16},"end":{"line":88,"column":1}},"37":{"start":{"line":75,"column":26},"end":{"line":75,"column":36}},"38":{"start":{"line":76,"column":4},"end":{"line":87,"column":5}},"39":{"start":{"line":77,"column":31},"end":{"line":77,"column":73}},"40":{"start":{"line":79,"column":8},"end":{"line":81,"column":9}},"41":{"start":{"line":80,"column":12},"end":{"line":80,"column":74}},"42":{"start":{"line":83,"column":8},"end":{"line":83,"column":81}},"43":{"start":{"line":85,"column":8},"end":{"line":85,"column":56}},"44":{"start":{"line":86,"column":8},"end":{"line":86,"column":74}},"45":{"start":{"line":90,"column":22},"end":{"line":90,"column":29}}},"fnMap":{"0":{"name":"(anonymous_1)","decl":{"start":{"line":12,"column":12},"end":{"line":12,"column":17}},"loc":{"start":{"line":12,"column":78},"end":{"line":45,"column":1}}},"1":{"name":"(anonymous_2)","decl":{"start":{"line":47,"column":15},"end":{"line":47,"column":20}},"loc":{"start":{"line":47,"column":73},"end":{"line":72,"column":1}}},"2":{"name":"(anonymous_3)","decl":{"start":{"line":74,"column":16},"end":{"line":74,"column":21}},"loc":{"start":{"line":74,"column":74},"end":{"line":88,"column":1}}}},"branchMap":{"0":{"loc":{"start":{"line":16,"column":8},"end":{"line":18,"column":9}},"type":"if","locations":[{"start":{"line":16,"column":8},"end":{"line":18,"column":9}}]},"1":{"loc":{"start":{"line":20,"column":8},"end":{"line":22,"column":9}},"type":"if","locations":[{"start":{"line":20,"column":8},"end":{"line":22,"column":9}}]},"2":{"loc":{"start":{"line":20,"column":12},"end":{"line":20,"column":38}},"type":"binary-expr","locations":[{"start":{"line":20,"column":12},"end":{"line":20,"column":21}},{"start":{"line":20,"column":25},"end":{"line":20,"column":38}}]},"3":{"loc":{"start":{"line":28,"column":8},"end":{"line":30,"column":9}},"type":"if","locations":[{"start":{"line":28,"column":8},"end":{"line":30,"column":9}}]},"4":{"loc":{"start":{"line":51,"column":8},"end":{"line":53,"column":9}},"type":"if","locations":[{"start":{"line":51,"column":8},"end":{"line":53,"column":9}}]},"5":{"loc":{"start":{"line":63,"column":8},"end":{"line":65,"column":9}},"type":"if","locations":[{"start":{"line":63,"column":8},"end":{"line":65,"column":9}}]},"6":{"loc":{"start":{"line":79,"column":8},"end":{"line":81,"column":9}},"type":"if","locations":[{"start":{"line":79,"column":8},"end":{"line":81,"column":9}}]}},"s":{"0":3,"1":3,"2":3,"3":3,"4":0,"5":0,"6":0,"7":0,"8":0,"9":0,"10":0,"11":0,"12":0,"13":0,"14":0,"15":0,"16":0,"17":0,"18":0,"19":0,"20":0,"21":3,"22":3,"23":0,"24":0,"25":0,"26":0,"27":0,"28":0,"29":0,"30":0,"31":0,"32":0,"33":0,"34":0,"35":3,"36":3,"37":0,"38":0,"39":0,"40":0,"41":0,"42":0,"43":0,"44":0,"45":3},"f":{"0":0,"1":0,"2":0},"b":{"0":[0],"1":[0],"2":[0,0],"3":[0],"4":[0],"5":[0],"6":[0]}}
,"/home/sam/Documents/my-express-app/scr/controllers/users.ts": {"path":"/home/sam/Documents/my-express-app/scr/controllers/users.ts","statementMap":{"0":{"start":{"line":2,"column":0},"end":{"line":2,"column":53}},"1":{"start":{"line":3,"column":0},"end":{"line":3,"column":30}},"2":{"start":{"line":4,"column":0},"end":{"line":4,"column":31}},"3":{"start":{"line":5,"column":0},"end":{"line":5,"column":46}},"4":{"start":{"line":7,"column":0},"end":{"line":7,"column":43}},"5":{"start":{"line":9,"column":15},"end":{"line":50,"column":1}},"6":{"start":{"line":10,"column":2},"end":{"line":49,"column":3}},"7":{"start":{"line":11,"column":19},"end":{"line":11,"column":40}},"8":{"start":{"line":12,"column":4},"end":{"line":14,"column":5}},"9":{"start":{"line":13,"column":6},"end":{"line":13,"column":62}},"10":{"start":{"line":16,"column":78},"end":{"line":16,"column":86}},"11":{"start":{"line":18,"column":27},"end":{"line":18,"column":58}},"12":{"start":{"line":20,"column":27},"end":{"line":28,"column":6}},"13":{"start":{"line":30,"column":22},"end":{"line":30,"column":42}},"14":{"start":{"line":32,"column":18},"end":{"line":35,"column":null}},"15":{"start":{"line":38,"column":4},"end":{"line":40,"column":5}},"16":{"start":{"line":39,"column":6},"end":{"line":39,"column":50}},"17":{"start":{"line":42,"column":4},"end":{"line":45,"column":7}},"18":{"start":{"line":47,"column":4},"end":{"line":47,"column":47}},"19":{"start":{"line":48,"column":4},"end":{"line":48,"column":16}},"20":{"start":{"line":155,"column":9},"end":{"line":155,"column":15}},"21":{"start":{"line":52,"column":15},"end":{"line":90,"column":1}},"22":{"start":{"line":53,"column":2},"end":{"line":89,"column":3}},"23":{"start":{"line":54,"column":19},"end":{"line":54,"column":40}},"24":{"start":{"line":55,"column":4},"end":{"line":57,"column":5}},"25":{"start":{"line":56,"column":6},"end":{"line":56,"column":62}},"26":{"start":{"line":59,"column":32},"end":{"line":59,"column":40}},"27":{"start":{"line":61,"column":17},"end":{"line":61,"column":46}},"28":{"start":{"line":63,"column":4},"end":{"line":65,"column":5}},"29":{"start":{"line":64,"column":6},"end":{"line":64,"column":76}},"30":{"start":{"line":67,"column":28},"end":{"line":67,"column":73}},"31":{"start":{"line":69,"column":4},"end":{"line":71,"column":5}},"32":{"start":{"line":70,"column":6},"end":{"line":70,"column":76}},"33":{"start":{"line":73,"column":18},"end":{"line":76,"column":null}},"34":{"start":{"line":79,"column":4},"end":{"line":81,"column":5}},"35":{"start":{"line":80,"column":6},"end":{"line":80,"column":50}},"36":{"start":{"line":83,"column":4},"end":{"line":86,"column":7}},"37":{"start":{"line":88,"column":4},"end":{"line":88,"column":16}},"38":{"start":{"line":155,"column":17},"end":{"line":155,"column":23}},"39":{"start":{"line":92,"column":15},"end":{"line":126,"column":1}},"40":{"start":{"line":93,"column":2},"end":{"line":125,"column":3}},"41":{"start":{"line":94,"column":23},"end":{"line":94,"column":33}},"42":{"start":{"line":95,"column":78},"end":{"line":95,"column":86}},"43":{"start":{"line":97,"column":41},"end":{"line":97,"column":43}},"44":{"start":{"line":99,"column":4},"end":{"line":99,"column":54}},"45":{"start":{"line":99,"column":19},"end":{"line":99,"column":54}},"46":{"start":{"line":100,"column":4},"end":{"line":100,"column":51}},"47":{"start":{"line":100,"column":18},"end":{"line":100,"column":51}},"48":{"start":{"line":101,"column":4},"end":{"line":101,"column":50}},"49":{"start":{"line":101,"column":17},"end":{"line":101,"column":50}},"50":{"start":{"line":102,"column":4},"end":{"line":102,"column":42}},"51":{"start":{"line":102,"column":15},"end":{"line":102,"column":42}},"52":{"start":{"line":103,"column":4},"end":{"line":106,"column":5}},"53":{"start":{"line":104,"column":29},"end":{"line":104,"column":60}},"54":{"start":{"line":105,"column":6},"end":{"line":105,"column":45}},"55":{"start":{"line":107,"column":4},"end":{"line":107,"column":39}},"56":{"start":{"line":107,"column":14},"end":{"line":107,"column":39}},"57":{"start":{"line":108,"column":4},"end":{"line":108,"column":49}},"58":{"start":{"line":108,"column":17},"end":{"line":108,"column":49}},"59":{"start":{"line":110,"column":24},"end":{"line":113,"column":null}},"60":{"start":{"line":116,"column":4},"end":{"line":118,"column":5}},"61":{"start":{"line":117,"column":6},"end":{"line":117,"column":65}},"62":{"start":{"line":120,"column":4},"end":{"line":122,"column":73}},"63":{"start":{"line":124,"column":4},"end":{"line":124,"column":16}},"64":{"start":{"line":155,"column":25},"end":{"line":155,"column":31}},"65":{"start":{"line":128,"column":16},"end":{"line":142,"column":1}},"66":{"start":{"line":129,"column":2},"end":{"line":141,"column":3}},"67":{"start":{"line":130,"column":23},"end":{"line":130,"column":33}},"68":{"start":{"line":132,"column":24},"end":{"line":132,"column":60}},"69":{"start":{"line":134,"column":4},"end":{"line":136,"column":5}},"70":{"start":{"line":135,"column":6},"end":{"line":135,"column":65}},"71":{"start":{"line":138,"column":4},"end":{"line":138,"column":74}},"72":{"start":{"line":140,"column":4},"end":{"line":140,"column":16}},"73":{"start":{"line":155,"column":33},"end":{"line":155,"column":40}},"74":{"start":{"line":144,"column":18},"end":{"line":153,"column":1}},"75":{"start":{"line":145,"column":2},"end":{"line":152,"column":3}},"76":{"start":{"line":146,"column":4},"end":{"line":146,"column":30}},"77":{"start":{"line":147,"column":4},"end":{"line":149,"column":59}},"78":{"start":{"line":151,"column":4},"end":{"line":151,"column":16}},"79":{"start":{"line":155,"column":42},"end":{"line":155,"column":51}}},"fnMap":{"0":{"name":"(anonymous_1)","decl":{"start":{"line":9,"column":15},"end":{"line":9,"column":20}},"loc":{"start":{"line":9,"column":73},"end":{"line":50,"column":1}}},"1":{"name":"(anonymous_2)","decl":{"start":{"line":52,"column":15},"end":{"line":52,"column":20}},"loc":{"start":{"line":52,"column":73},"end":{"line":90,"column":1}}},"2":{"name":"(anonymous_3)","decl":{"start":{"line":92,"column":15},"end":{"line":92,"column":20}},"loc":{"start":{"line":92,"column":73},"end":{"line":126,"column":1}}},"3":{"name":"(anonymous_4)","decl":{"start":{"line":128,"column":16},"end":{"line":128,"column":21}},"loc":{"start":{"line":128,"column":74},"end":{"line":142,"column":1}}},"4":{"name":"(anonymous_5)","decl":{"start":{"line":144,"column":18},"end":{"line":144,"column":23}},"loc":{"start":{"line":144,"column":76},"end":{"line":153,"column":1}}}},"branchMap":{"0":{"loc":{"start":{"line":12,"column":4},"end":{"line":14,"column":5}},"type":"if","locations":[{"start":{"line":12,"column":4},"end":{"line":14,"column":5}}]},"1":{"loc":{"start":{"line":34,"column":6},"end":{"line":34,"column":47}},"type":"binary-expr","locations":[{"start":{"line":34,"column":6},"end":{"line":34,"column":30}},{"start":{"line":34,"column":34},"end":{"line":34,"column":47}}]},"2":{"loc":{"start":{"line":38,"column":4},"end":{"line":40,"column":5}},"type":"if","locations":[{"start":{"line":38,"column":4},"end":{"line":40,"column":5}}]},"3":{"loc":{"start":{"line":55,"column":4},"end":{"line":57,"column":5}},"type":"if","locations":[{"start":{"line":55,"column":4},"end":{"line":57,"column":5}}]},"4":{"loc":{"start":{"line":63,"column":4},"end":{"line":65,"column":5}},"type":"if","locations":[{"start":{"line":63,"column":4},"end":{"line":65,"column":5}}]},"5":{"loc":{"start":{"line":69,"column":4},"end":{"line":71,"column":5}},"type":"if","locations":[{"start":{"line":69,"column":4},"end":{"line":71,"column":5}}]},"6":{"loc":{"start":{"line":75,"column":6},"end":{"line":75,"column":47}},"type":"binary-expr","locations":[{"start":{"line":75,"column":6},"end":{"line":75,"column":30}},{"start":{"line":75,"column":34},"end":{"line":75,"column":47}}]},"7":{"loc":{"start":{"line":79,"column":4},"end":{"line":81,"column":5}},"type":"if","locations":[{"start":{"line":79,"column":4},"end":{"line":81,"column":5}}]},"8":{"loc":{"start":{"line":99,"column":4},"end":{"line":99,"column":54}},"type":"if","locations":[{"start":{"line":99,"column":4},"end":{"line":99,"column":54}}]},"9":{"loc":{"start":{"line":100,"column":4},"end":{"line":100,"column":51}},"type":"if","locations":[{"start":{"line":100,"column":4},"end":{"line":100,"column":51}}]},"10":{"loc":{"start":{"line":101,"column":4},"end":{"line":101,"column":50}},"type":"if","locations":[{"start":{"line":101,"column":4},"end":{"line":101,"column":50}}]},"11":{"loc":{"start":{"line":102,"column":4},"end":{"line":102,"column":42}},"type":"if","locations":[{"start":{"line":102,"column":4},"end":{"line":102,"column":42}}]},"12":{"loc":{"start":{"line":103,"column":4},"end":{"line":106,"column":5}},"type":"if","locations":[{"start":{"line":103,"column":4},"end":{"line":106,"column":5}}]},"13":{"loc":{"start":{"line":107,"column":4},"end":{"line":107,"column":39}},"type":"if","locations":[{"start":{"line":107,"column":4},"end":{"line":107,"column":39}}]},"14":{"loc":{"start":{"line":108,"column":4},"end":{"line":108,"column":49}},"type":"if","locations":[{"start":{"line":108,"column":4},"end":{"line":108,"column":49}}]},"15":{"loc":{"start":{"line":116,"column":4},"end":{"line":118,"column":5}},"type":"if","locations":[{"start":{"line":116,"column":4},"end":{"line":118,"column":5}}]},"16":{"loc":{"start":{"line":134,"column":4},"end":{"line":136,"column":5}},"type":"if","locations":[{"start":{"line":134,"column":4},"end":{"line":136,"column":5}}]}},"s":{"0":3,"1":3,"2":3,"3":3,"4":3,"5":3,"6":0,"7":0,"8":0,"9":0,"10":0,"11":0,"12":0,"13":0,"14":0,"15":0,"16":0,"17":0,"18":0,"19":0,"20":3,"21":3,"22":0,"23":0,"24":0,"25":0,"26":0,"27":0,"28":0,"29":0,"30":0,"31":0,"32":0,"33":0,"34":0,"35":0,"36":0,"37":0,"38":3,"39":3,"40":0,"41":0,"42":0,"43":0,"44":0,"45":0,"46":0,"47":0,"48":0,"49":0,"50":0,"51":0,"52":0,"53":0,"54":0,"55":0,"56":0,"57":0,"58":0,"59":0,"60":0,"61":0,"62":0,"63":0,"64":3,"65":3,"66":0,"67":0,"68":0,"69":0,"70":0,"71":0,"72":0,"73":3,"74":3,"75":0,"76":0,"77":0,"78":0,"79":3},"f":{"0":0,"1":0,"2":0,"3":0,"4":0},"b":{"0":[0],"1":[0,0],"2":[0],"3":[0],"4":[0],"5":[0],"6":[0,0],"7":[0],"8":[0],"9":[0],"10":[0],"11":[0],"12":[0],"13":[0],"14":[0],"15":[0],"16":[0]}}
,"/home/sam/Documents/my-express-app/scr/middlewares/authenticate.ts": {"path":"/home/sam/Documents/my-express-app/scr/middlewares/authenticate.ts","statementMap":{"0":{"start":{"line":2,"column":0},"end":{"line":2,"column":31}},"1":{"start":{"line":3,"column":0},"end":{"line":3,"column":35}},"2":{"start":{"line":5,"column":0},"end":{"line":5,"column":27}},"3":{"start":{"line":11,"column":21},"end":{"line":42,"column":1}},"4":{"start":{"line":12,"column":4},"end":{"line":41,"column":5}},"5":{"start":{"line":13,"column":22},"end":{"line":13,"column":62}},"6":{"start":{"line":15,"column":8},"end":{"line":17,"column":9}},"7":{"start":{"line":16,"column":12},"end":{"line":16,"column":83}},"8":{"start":{"line":19,"column":23},"end":{"line":19,"column":64}},"9":{"start":{"line":21,"column":8},"end":{"line":23,"column":9}},"10":{"start":{"line":22,"column":12},"end":{"line":22,"column":106}},"11":{"start":{"line":25,"column":29},"end":{"line":25,"column":54}},"12":{"start":{"line":27,"column":8},"end":{"line":29,"column":9}},"13":{"start":{"line":28,"column":12},"end":{"line":28,"column":75}},"14":{"start":{"line":31,"column":21},"end":{"line":31,"column":58}},"15":{"start":{"line":33,"column":8},"end":{"line":35,"column":9}},"16":{"start":{"line":34,"column":12},"end":{"line":34,"column":69}},"17":{"start":{"line":37,"column":9},"end":{"line":37,"column":50}},"18":{"start":{"line":38,"column":8},"end":{"line":38,"column":15}},"19":{"start":{"line":40,"column":8},"end":{"line":40,"column":64}},"20":{"start":{"line":44,"column":0},"end":{"line":44,"column":28}}},"fnMap":{"0":{"name":"(anonymous_1)","decl":{"start":{"line":11,"column":21},"end":{"line":11,"column":26}},"loc":{"start":{"line":11,"column":79},"end":{"line":42,"column":1}}}},"branchMap":{"0":{"loc":{"start":{"line":13,"column":22},"end":{"line":13,"column":62}},"type":"cond-expr","locations":[{"start":{"line":13,"column":47},"end":{"line":13,"column":49}},{"start":{"line":13,"column":47},"end":{"line":13,"column":62}}]},"1":{"loc":{"start":{"line":13,"column":22},"end":{"line":13,"column":49}},"type":"binary-expr","locations":[{"start":{"line":13,"column":22},"end":{"line":13,"column":49}},{"start":{"line":13,"column":47},"end":{"line":13,"column":49}}]},"2":{"loc":{"start":{"line":15,"column":8},"end":{"line":17,"column":9}},"type":"if","locations":[{"start":{"line":15,"column":8},"end":{"line":17,"column":9}}]},"3":{"loc":{"start":{"line":19,"column":23},"end":{"line":19,"column":64}},"type":"binary-expr","locations":[{"start":{"line":19,"column":23},"end":{"line":19,"column":47}},{"start":{"line":19,"column":51},"end":{"line":19,"column":64}}]},"4":{"loc":{"start":{"line":21,"column":8},"end":{"line":23,"column":9}},"type":"if","locations":[{"start":{"line":21,"column":8},"end":{"line":23,"column":9}}]},"5":{"loc":{"start":{"line":27,"column":8},"end":{"line":29,"column":9}},"type":"if","locations":[{"start":{"line":27,"column":8},"end":{"line":29,"column":9}}]},"6":{"loc":{"start":{"line":33,"column":8},"end":{"line":35,"column":9}},"type":"if","locations":[{"start":{"line":33,"column":8},"end":{"line":35,"column":9}}]}},"s":{"0":3,"1":3,"2":3,"3":3,"4":0,"5":0,"6":0,"7":0,"8":0,"9":0,"10":0,"11":0,"12":0,"13":0,"14":0,"15":0,"16":0,"17":0,"18":0,"19":0,"20":3},"f":{"0":0},"b":{"0":[0,0],"1":[0,0],"2":[0],"3":[0,0],"4":[0],"5":[0],"6":[0]}}
,"/home/sam/Documents/my-express-app/scr/middlewares/isAdmin.ts": {"path":"/home/sam/Documents/my-express-app/scr/middlewares/isAdmin.ts","statementMap":{"0":{"start":{"line":2,"column":0},"end":{"line":2,"column":31}},"1":{"start":{"line":3,"column":0},"end":{"line":3,"column":35}},"2":{"start":{"line":5,"column":0},"end":{"line":5,"column":27}},"3":{"start":{"line":7,"column":16},"end":{"line":32,"column":1}},"4":{"start":{"line":8,"column":18},"end":{"line":8,"column":58}},"5":{"start":{"line":10,"column":4},"end":{"line":12,"column":5}},"6":{"start":{"line":11,"column":8},"end":{"line":11,"column":70}},"7":{"start":{"line":14,"column":4},"end":{"line":31,"column":5}},"8":{"start":{"line":15,"column":29},"end":{"line":15,"column":89}},"9":{"start":{"line":17,"column":21},"end":{"line":17,"column":53}},"10":{"start":{"line":19,"column":8},"end":{"line":21,"column":9}},"11":{"start":{"line":20,"column":12},"end":{"line":20,"column":71}},"12":{"start":{"line":23,"column":8},"end":{"line":25,"column":9}},"13":{"start":{"line":24,"column":12},"end":{"line":24,"column":91}},"14":{"start":{"line":27,"column":8},"end":{"line":27,"column":15}},"15":{"start":{"line":29,"column":8},"end":{"line":29,"column":61}},"16":{"start":{"line":30,"column":8},"end":{"line":30,"column":80}},"17":{"start":{"line":34,"column":0},"end":{"line":34,"column":23}}},"fnMap":{"0":{"name":"(anonymous_1)","decl":{"start":{"line":7,"column":16},"end":{"line":7,"column":21}},"loc":{"start":{"line":7,"column":74},"end":{"line":32,"column":1}}}},"branchMap":{"0":{"loc":{"start":{"line":8,"column":18},"end":{"line":8,"column":58}},"type":"cond-expr","locations":[{"start":{"line":8,"column":43},"end":{"line":8,"column":45}},{"start":{"line":8,"column":43},"end":{"line":8,"column":58}}]},"1":{"loc":{"start":{"line":8,"column":18},"end":{"line":8,"column":45}},"type":"binary-expr","locations":[{"start":{"line":8,"column":18},"end":{"line":8,"column":45}},{"start":{"line":8,"column":43},"end":{"line":8,"column":45}}]},"2":{"loc":{"start":{"line":10,"column":4},"end":{"line":12,"column":5}},"type":"if","locations":[{"start":{"line":10,"column":4},"end":{"line":12,"column":5}}]},"3":{"loc":{"start":{"line":15,"column":47},"end":{"line":15,"column":88}},"type":"binary-expr","locations":[{"start":{"line":15,"column":47},"end":{"line":15,"column":71}},{"start":{"line":15,"column":75},"end":{"line":15,"column":88}}]},"4":{"loc":{"start":{"line":19,"column":8},"end":{"line":21,"column":9}},"type":"if","locations":[{"start":{"line":19,"column":8},"end":{"line":21,"column":9}}]},"5":{"loc":{"start":{"line":23,"column":8},"end":{"line":25,"column":9}},"type":"if","locations":[{"start":{"line":23,"column":8},"end":{"line":25,"column":9}}]}},"s":{"0":3,"1":3,"2":3,"3":3,"4":0,"5":0,"6":0,"7":0,"8":0,"9":0,"10":0,"11":0,"12":0,"13":0,"14":0,"15":0,"16":0,"17":3},"f":{"0":0},"b":{"0":[0,0],"1":[0,0],"2":[0],"3":[0,0],"4":[0],"5":[0]}}
,"/home/sam/Documents/my-express-app/scr/middlewares/isUser.ts": {"path":"/home/sam/Documents/my-express-app/scr/middlewares/isUser.ts","statementMap":{"0":{"start":{"line":2,"column":0},"end":{"line":2,"column":31}},"1":{"start":{"line":3,"column":0},"end":{"line":3,"column":35}},"2":{"start":{"line":5,"column":0},"end":{"line":5,"column":27}},"3":{"start":{"line":7,"column":15},"end":{"line":32,"column":1}},"4":{"start":{"line":8,"column":18},"end":{"line":8,"column":58}},"5":{"start":{"line":10,"column":4},"end":{"line":12,"column":5}},"6":{"start":{"line":11,"column":8},"end":{"line":11,"column":70}},"7":{"start":{"line":14,"column":4},"end":{"line":31,"column":5}},"8":{"start":{"line":15,"column":29},"end":{"line":15,"column":89}},"9":{"start":{"line":17,"column":21},"end":{"line":17,"column":53}},"10":{"start":{"line":19,"column":8},"end":{"line":21,"column":9}},"11":{"start":{"line":20,"column":12},"end":{"line":20,"column":71}},"12":{"start":{"line":23,"column":8},"end":{"line":25,"column":9}},"13":{"start":{"line":24,"column":12},"end":{"line":24,"column":97}},"14":{"start":{"line":27,"column":8},"end":{"line":27,"column":15}},"15":{"start":{"line":29,"column":8},"end":{"line":29,"column":60}},"16":{"start":{"line":30,"column":8},"end":{"line":30,"column":80}},"17":{"start":{"line":34,"column":0},"end":{"line":34,"column":22}}},"fnMap":{"0":{"name":"(anonymous_1)","decl":{"start":{"line":7,"column":15},"end":{"line":7,"column":20}},"loc":{"start":{"line":7,"column":73},"end":{"line":32,"column":1}}}},"branchMap":{"0":{"loc":{"start":{"line":8,"column":18},"end":{"line":8,"column":58}},"type":"cond-expr","locations":[{"start":{"line":8,"column":43},"end":{"line":8,"column":45}},{"start":{"line":8,"column":43},"end":{"line":8,"column":58}}]},"1":{"loc":{"start":{"line":8,"column":18},"end":{"line":8,"column":45}},"type":"binary-expr","locations":[{"start":{"line":8,"column":18},"end":{"line":8,"column":45}},{"start":{"line":8,"column":43},"end":{"line":8,"column":45}}]},"2":{"loc":{"start":{"line":10,"column":4},"end":{"line":12,"column":5}},"type":"if","locations":[{"start":{"line":10,"column":4},"end":{"line":12,"column":5}}]},"3":{"loc":{"start":{"line":15,"column":47},"end":{"line":15,"column":88}},"type":"binary-expr","locations":[{"start":{"line":15,"column":47},"end":{"line":15,"column":71}},{"start":{"line":15,"column":75},"end":{"line":15,"column":88}}]},"4":{"loc":{"start":{"line":19,"column":8},"end":{"line":21,"column":9}},"type":"if","locations":[{"start":{"line":19,"column":8},"end":{"line":21,"column":9}}]},"5":{"loc":{"start":{"line":23,"column":8},"end":{"line":25,"column":9}},"type":"if","locations":[{"start":{"line":23,"column":8},"end":{"line":25,"column":9}}]}},"s":{"0":3,"1":3,"2":3,"3":3,"4":0,"5":0,"6":0,"7":0,"8":0,"9":0,"10":0,"11":0,"12":0,"13":0,"14":0,"15":0,"16":0,"17":3},"f":{"0":0},"b":{"0":[0,0],"1":[0,0],"2":[0],"3":[0,0],"4":[0],"5":[0]}}
,"/home/sam/Documents/my-express-app/scr/middlewares/upload.ts": {"path":"/home/sam/Documents/my-express-app/scr/middlewares/upload.ts","statementMap":{"0":{"start":{"line":1,"column":0},"end":{"line":1,"column":24}},"1":{"start":{"line":2,"column":0},"end":{"line":2,"column":47}},"2":{"start":{"line":4,"column":0},"end":{"line":4,"column":20}},"3":{"start":{"line":6,"column":18},"end":{"line":6,"column":31}},"4":{"start":{"line":7,"column":0},"end":{"line":9,"column":1}},"5":{"start":{"line":8,"column":4},"end":{"line":8,"column":28}},"6":{"start":{"line":11,"column":31},"end":{"line":19,"column":2}},"7":{"start":{"line":13,"column":8},"end":{"line":13,"column":28}},"8":{"start":{"line":16,"column":18},"end":{"line":16,"column":49}},"9":{"start":{"line":17,"column":8},"end":{"line":17,"column":35}},"10":{"start":{"line":21,"column":15},"end":{"line":31,"column":2}},"11":{"start":{"line":24,"column":8},"end":{"line":28,"column":9}},"12":{"start":{"line":25,"column":12},"end":{"line":25,"column":33}},"13":{"start":{"line":27,"column":12},"end":{"line":27,"column":34}},"14":{"start":{"line":33,"column":0},"end":{"line":33,"column":22}}},"fnMap":{"0":{"name":"(anonymous_1)","decl":{"start":{"line":12,"column":17},"end":{"line":12,"column":27}},"loc":{"start":{"line":12,"column":70},"end":{"line":14,"column":5}}},"1":{"name":"(anonymous_2)","decl":{"start":{"line":15,"column":14},"end":{"line":15,"column":24}},"loc":{"start":{"line":15,"column":67},"end":{"line":18,"column":5}}},"2":{"name":"(anonymous_3)","decl":{"start":{"line":23,"column":16},"end":{"line":23,"column":26}},"loc":{"start":{"line":23,"column":45},"end":{"line":29,"column":5}}}},"branchMap":{"0":{"loc":{"start":{"line":7,"column":0},"end":{"line":9,"column":1}},"type":"if","locations":[{"start":{"line":7,"column":0},"end":{"line":9,"column":1}}]},"1":{"loc":{"start":{"line":24,"column":8},"end":{"line":28,"column":9}},"type":"if","locations":[{"start":{"line":24,"column":8},"end":{"line":28,"column":9}},{"start":{"line":26,"column":15},"end":{"line":28,"column":9}}]},"2":{"loc":{"start":{"line":24,"column":12},"end":{"line":24,"column":107}},"type":"binary-expr","locations":[{"start":{"line":24,"column":12},"end":{"line":24,"column":42}},{"start":{"line":24,"column":46},"end":{"line":24,"column":75}},{"start":{"line":24,"column":78},"end":{"line":24,"column":107}}]}},"s":{"0":3,"1":3,"2":3,"3":3,"4":3,"5":0,"6":3,"7":0,"8":0,"9":0,"10":3,"11":0,"12":0,"13":0,"14":3},"f":{"0":0,"1":0,"2":0},"b":{"0":[0],"1":[0,0],"2":[0,0,0]}}
,"/home/sam/Documents/my-express-app/scr/models/blogs.ts": {"path":"/home/sam/Documents/my-express-app/scr/models/blogs.ts","statementMap":{"0":{"start":{"line":1,"column":0},"end":{"line":1,"column":54}},"1":{"start":{"line":10,"column":27},"end":{"line":16,"column":24}},"2":{"start":{"line":18,"column":13},"end":{"line":18,"column":54}},"3":{"start":{"line":20,"column":0},"end":{"line":20,"column":20}}},"fnMap":{},"branchMap":{},"s":{"0":3,"1":3,"2":3,"3":3},"f":{},"b":{}}
,"/home/sam/Documents/my-express-app/scr/models/comments.ts": {"path":"/home/sam/Documents/my-express-app/scr/models/comments.ts","statementMap":{"0":{"start":{"line":1,"column":0},"end":{"line":1,"column":54}},"1":{"start":{"line":9,"column":30},"end":{"line":22,"column":24}},"2":{"start":{"line":24,"column":16},"end":{"line":24,"column":66}},"3":{"start":{"line":26,"column":0},"end":{"line":26,"column":23}}},"fnMap":{},"branchMap":{},"s":{"0":3,"1":3,"2":3,"3":3},"f":{},"b":{}}
,"/home/sam/Documents/my-express-app/scr/models/users.ts": {"path":"/home/sam/Documents/my-express-app/scr/models/users.ts","statementMap":{"0":{"start":{"line":1,"column":0},"end":{"line":1,"column":54}},"1":{"start":{"line":14,"column":27},"end":{"line":44,"column":24}},"2":{"start":{"line":46,"column":13},"end":{"line":46,"column":54}},"3":{"start":{"line":48,"column":0},"end":{"line":48,"column":20}}},"fnMap":{},"branchMap":{},"s":{"0":3,"1":3,"2":3,"3":3},"f":{},"b":{}}
,"/home/sam/Documents/my-express-app/scr/routes/blogs.ts": {"path":"/home/sam/Documents/my-express-app/scr/routes/blogs.ts","statementMap":{"0":{"start":{"line":1,"column":0},"end":{"line":1,"column":42}},"1":{"start":{"line":2,"column":0},"end":{"line":2,"column":87}},"2":{"start":{"line":3,"column":0},"end":{"line":3,"column":43}},"3":{"start":{"line":4,"column":0},"end":{"line":4,"column":55}},"4":{"start":{"line":5,"column":0},"end":{"line":5,"column":73}},"5":{"start":{"line":6,"column":0},"end":{"line":6,"column":45}},"6":{"start":{"line":8,"column":23},"end":{"line":8,"column":31}},"7":{"start":{"line":17,"column":0},"end":{"line":17,"column":46}},"8":{"start":{"line":18,"column":0},"end":{"line":18,"column":56}},"9":{"start":{"line":19,"column":0},"end":{"line":19,"column":92}},"10":{"start":{"line":20,"column":0},"end":{"line":20,"column":78}},"11":{"start":{"line":21,"column":0},"end":{"line":21,"column":65}},"12":{"start":{"line":22,"column":0},"end":{"line":22,"column":62}},"13":{"start":{"line":24,"column":0},"end":{"line":24,"column":22}}},"fnMap":{},"branchMap":{},"s":{"0":3,"1":3,"2":3,"3":3,"4":3,"5":3,"6":3,"7":3,"8":3,"9":3,"10":3,"11":3,"12":3,"13":3},"f":{},"b":{}}
,"/home/sam/Documents/my-express-app/scr/routes/comments.ts": {"path":"/home/sam/Documents/my-express-app/scr/routes/comments.ts","statementMap":{"0":{"start":{"line":1,"column":0},"end":{"line":1,"column":30}},"1":{"start":{"line":2,"column":0},"end":{"line":2,"column":63}},"2":{"start":{"line":3,"column":0},"end":{"line":3,"column":43}},"3":{"start":{"line":5,"column":15},"end":{"line":5,"column":31}},"4":{"start":{"line":15,"column":0},"end":{"line":15,"column":37}},"5":{"start":{"line":16,"column":0},"end":{"line":16,"column":42}},"6":{"start":{"line":17,"column":0},"end":{"line":17,"column":44}},"7":{"start":{"line":19,"column":0},"end":{"line":19,"column":22}}},"fnMap":{},"branchMap":{},"s":{"0":3,"1":3,"2":3,"3":3,"4":3,"5":3,"6":3,"7":3},"f":{},"b":{}}
,"/home/sam/Documents/my-express-app/scr/routes/users.ts": {"path":"/home/sam/Documents/my-express-app/scr/routes/users.ts","statementMap":{"0":{"start":{"line":1,"column":0},"end":{"line":1,"column":42}},"1":{"start":{"line":2,"column":0},"end":{"line":2,"column":82}},"2":{"start":{"line":3,"column":0},"end":{"line":3,"column":43}},"3":{"start":{"line":5,"column":23},"end":{"line":5,"column":31}},"4":{"start":{"line":14,"column":0},"end":{"line":14,"column":56}},"5":{"start":{"line":15,"column":0},"end":{"line":15,"column":31}},"6":{"start":{"line":16,"column":0},"end":{"line":16,"column":null}},"7":{"start":{"line":17,"column":0},"end":{"line":17,"column":null}},"8":{"start":{"line":18,"column":0},"end":{"line":18,"column":null}},"9":{"start":{"line":20,"column":0},"end":{"line":20,"column":22}}},"fnMap":{},"branchMap":{},"s":{"0":3,"1":3,"2":3,"3":3,"4":3,"5":3,"6":3,"7":3,"8":3,"9":3},"f":{},"b":{}}
,"/home/sam/Documents/my-express-app/scr/validations/blogs.ts": {"path":"/home/sam/Documents/my-express-app/scr/validations/blogs.ts","statementMap":{"0":{"start":{"line":1,"column":0},"end":{"line":1,"column":34}},"1":{"start":{"line":5,"column":23},"end":{"line":9,"column":2}},"2":{"start":{"line":11,"column":25},"end":{"line":15,"column":2}},"3":{"start":{"line":19,"column":21},"end":{"line":40,"column":1}},"4":{"start":{"line":20,"column":2},"end":{"line":39,"column":3}},"5":{"start":{"line":21,"column":26},"end":{"line":21,"column":59}},"6":{"start":{"line":22,"column":4},"end":{"line":22,"column":40}},"7":{"start":{"line":24,"column":4},"end":{"line":38,"column":5}},"8":{"start":{"line":25,"column":6},"end":{"line":25,"column":56}},"9":{"start":{"line":27,"column":52},"end":{"line":27,"column":54}},"10":{"start":{"line":28,"column":6},"end":{"line":32,"column":9}},"11":{"start":{"line":29,"column":26},"end":{"line":29,"column":49}},"12":{"start":{"line":30,"column":29},"end":{"line":30,"column":52}},"13":{"start":{"line":31,"column":8},"end":{"line":31,"column":48}},"14":{"start":{"line":34,"column":6},"end":{"line":34,"column":49}},"15":{"start":{"line":36,"column":6},"end":{"line":36,"column":48}},"16":{"start":{"line":37,"column":6},"end":{"line":37,"column":79}},"17":{"start":{"line":65,"column":9},"end":{"line":65,"column":21}},"18":{"start":{"line":42,"column":28},"end":{"line":63,"column":1}},"19":{"start":{"line":43,"column":2},"end":{"line":62,"column":3}},"20":{"start":{"line":44,"column":26},"end":{"line":44,"column":61}},"21":{"start":{"line":45,"column":4},"end":{"line":45,"column":40}},"22":{"start":{"line":47,"column":4},"end":{"line":61,"column":5}},"23":{"start":{"line":48,"column":6},"end":{"line":48,"column":56}},"24":{"start":{"line":50,"column":52},"end":{"line":50,"column":54}},"25":{"start":{"line":51,"column":6},"end":{"line":55,"column":9}},"26":{"start":{"line":52,"column":26},"end":{"line":52,"column":49}},"27":{"start":{"line":53,"column":29},"end":{"line":53,"column":52}},"28":{"start":{"line":54,"column":8},"end":{"line":54,"column":48}},"29":{"start":{"line":57,"column":6},"end":{"line":57,"column":49}},"30":{"start":{"line":59,"column":6},"end":{"line":59,"column":48}},"31":{"start":{"line":60,"column":6},"end":{"line":60,"column":79}},"32":{"start":{"line":65,"column":23},"end":{"line":65,"column":42}}},"fnMap":{"0":{"name":"(anonymous_0)","decl":{"start":{"line":19,"column":21},"end":{"line":19,"column":26}},"loc":{"start":{"line":19,"column":133},"end":{"line":40,"column":1}}},"1":{"name":"(anonymous_1)","decl":{"start":{"line":28,"column":27},"end":{"line":28,"column":28}},"loc":{"start":{"line":28,"column":47},"end":{"line":32,"column":7}}},"2":{"name":"(anonymous_2)","decl":{"start":{"line":42,"column":28},"end":{"line":42,"column":33}},"loc":{"start":{"line":42,"column":140},"end":{"line":63,"column":1}}},"3":{"name":"(anonymous_3)","decl":{"start":{"line":51,"column":27},"end":{"line":51,"column":28}},"loc":{"start":{"line":51,"column":47},"end":{"line":55,"column":7}}}},"branchMap":{"0":{"loc":{"start":{"line":24,"column":4},"end":{"line":38,"column":5}},"type":"if","locations":[{"start":{"line":24,"column":4},"end":{"line":38,"column":5}},{"start":{"line":35,"column":11},"end":{"line":38,"column":5}}]},"1":{"loc":{"start":{"line":47,"column":4},"end":{"line":61,"column":5}},"type":"if","locations":[{"start":{"line":47,"column":4},"end":{"line":61,"column":5}},{"start":{"line":58,"column":11},"end":{"line":61,"column":5}}]}},"s":{"0":3,"1":3,"2":3,"3":3,"4":0,"5":0,"6":0,"7":0,"8":0,"9":0,"10":0,"11":0,"12":0,"13":0,"14":0,"15":0,"16":0,"17":3,"18":3,"19":0,"20":0,"21":0,"22":0,"23":0,"24":0,"25":0,"26":0,"27":0,"28":0,"29":0,"30":0,"31":0,"32":3},"f":{"0":0,"1":0,"2":0,"3":0},"b":{"0":[0,0],"1":[0,0]}}
}
