TN:
SF:scr/server.ts
FN:16,(anonymous_1)
FN:23,(anonymous_2)
FN:26,(anonymous_3)
FN:62,(anonymous_4)
FN:69,(anonymous_5)
FN:73,(anonymous_6)
FN:75,(anonymous_7)
FNF:7
FNH:3
FNDA:1,(anonymous_1)
FNDA:0,(anonymous_2)
FNDA:0,(anonymous_3)
FNDA:3,(anonymous_4)
FNDA:1,(anonymous_5)
FNDA:0,(anonymous_6)
FNDA:0,(anonymous_7)
DA:1,1
DA:2,1
DA:3,1
DA:4,1
DA:5,1
DA:7,1
DA:9,1
DA:10,1
DA:11,1
DA:13,1
DA:14,1
DA:16,1
DA:17,1
DA:18,1
DA:19,1
DA:20,1
DA:22,0
DA:24,0
DA:27,0
DA:33,1
DA:35,1
DA:37,1
DA:39,1
DA:40,1
DA:42,1
DA:44,1
DA:49,1
DA:54,1
DA:60,1
DA:62,1
DA:63,3
DA:64,3
DA:67,1
DA:69,1
DA:70,1
DA:73,1
DA:74,0
DA:75,0
DA:76,0
DA:77,0
DA:81,1
LF:41
LH:34
BRDA:18,0,0,1
BRDA:18,0,1,0
BRDA:67,1,0,0
BRDA:67,1,1,1
BRF:4
BRH:2
end_of_record
TN:
SF:scr/controllers/blogs.ts
FN:5,(anonymous_1)
FN:18,(anonymous_2)
FN:32,(anonymous_3)
FN:56,(anonymous_4)
FN:82,(anonymous_5)
FN:96,(anonymous_6)
FNF:6
FNH:5
FNDA:1,(anonymous_1)
FNDA:1,(anonymous_2)
FNDA:1,(anonymous_3)
FNDA:1,(anonymous_4)
FNDA:1,(anonymous_5)
FNDA:0,(anonymous_6)
DA:2,1
DA:3,1
DA:5,1
DA:6,1
DA:7,1
DA:8,1
DA:10,0
DA:11,0
DA:18,1
DA:19,1
DA:20,1
DA:21,1
DA:22,0
DA:23,0
DA:25,0
DA:27,1
DA:28,1
DA:32,1
DA:33,1
DA:34,1
DA:35,0
DA:38,1
DA:40,1
DA:41,1
DA:48,1
DA:49,0
DA:51,1
DA:52,1
DA:56,1
DA:57,1
DA:58,1
DA:59,1
DA:60,1
DA:61,0
DA:63,1
DA:64,1
DA:69,0
DA:70,0
DA:72,0
DA:77,1
DA:78,1
DA:82,1
DA:83,1
DA:84,1
DA:85,1
DA:86,0
DA:87,0
DA:89,0
DA:91,1
DA:92,1
DA:96,1
DA:97,0
DA:98,0
DA:99,0
DA:101,0
DA:102,0
DA:106,1
LF:57
LH:38
BRDA:22,0,0,0
BRDA:34,1,0,0
BRDA:46,2,0,1
BRDA:46,2,1,0
BRDA:46,3,0,1
BRDA:46,3,1,1
BRDA:60,4,0,0
BRDA:69,5,0,0
BRDA:86,6,0,0
BRF:9
BRH:3
end_of_record
TN:
SF:scr/controllers/comments.ts
FN:12,(anonymous_1)
FN:47,(anonymous_2)
FN:74,(anonymous_3)
FNF:3
FNH:0
FNDA:0,(anonymous_1)
FNDA:0,(anonymous_2)
FNDA:0,(anonymous_3)
DA:2,1
DA:3,1
DA:4,1
DA:12,1
DA:13,0
DA:14,0
DA:15,0
DA:16,0
DA:17,0
DA:20,0
DA:21,0
DA:24,0
DA:25,0
DA:27,0
DA:28,0
DA:29,0
DA:32,0
DA:38,0
DA:40,0
DA:42,0
DA:43,0
DA:47,1
DA:48,0
DA:49,0
DA:50,0
DA:51,0
DA:52,0
DA:55,0
DA:57,0
DA:63,0
DA:64,0
DA:67,0
DA:69,0
DA:70,0
DA:74,1
DA:75,0
DA:76,0
DA:77,0
DA:79,0
DA:80,0
DA:83,0
DA:85,0
DA:86,0
DA:90,1
LF:44
LH:7
BRDA:16,0,0,0
BRDA:20,1,0,0
BRDA:20,2,0,0
BRDA:20,2,1,0
BRDA:28,3,0,0
BRDA:51,4,0,0
BRDA:63,5,0,0
BRDA:79,6,0,0
BRF:8
BRH:0
end_of_record
TN:
SF:scr/controllers/users.ts
FN:9,(anonymous_1)
FN:55,(anonymous_2)
FN:97,(anonymous_3)
FN:140,(anonymous_4)
FN:160,(anonymous_5)
FNF:5
FNH:5
FNDA:1,(anonymous_1)
FNDA:1,(anonymous_2)
FNDA:1,(anonymous_3)
FNDA:1,(anonymous_4)
FNDA:1,(anonymous_5)
DA:2,1
DA:3,1
DA:4,1
DA:5,1
DA:7,1
DA:9,1
DA:10,1
DA:11,1
DA:12,1
DA:13,1
DA:14,0
DA:17,1
DA:19,1
DA:21,1
DA:31,1
DA:33,1
DA:39,1
DA:40,0
DA:43,1
DA:45,1
DA:50,0
DA:51,0
DA:55,1
DA:56,1
DA:57,1
DA:58,1
DA:59,0
DA:62,1
DA:64,1
DA:66,1
DA:67,0
DA:70,1
DA:72,1
DA:73,0
DA:76,1
DA:82,1
DA:83,0
DA:86,1
DA:88,1
DA:93,0
DA:97,1
DA:98,1
DA:99,1
DA:100,1
DA:101,1
DA:102,0
DA:105,1
DA:107,1
DA:109,1
DA:110,1
DA:111,1
DA:112,1
DA:113,1
DA:114,1
DA:115,1
DA:117,1
DA:118,1
DA:120,1
DA:126,1
DA:127,0
DA:130,1
DA:132,1
DA:136,0
DA:140,1
DA:141,1
DA:142,1
DA:143,1
DA:144,1
DA:145,0
DA:148,1
DA:150,1
DA:151,0
DA:154,1
DA:156,0
DA:160,1
DA:161,1
DA:162,1
DA:163,1
DA:164,0
DA:167,1
DA:168,1
DA:172,0
DA:176,1
LF:83
LH:66
BRDA:13,0,0,0
BRDA:35,1,0,1
BRDA:35,1,1,1
BRDA:39,2,0,0
BRDA:58,3,0,0
BRDA:66,4,0,0
BRDA:72,5,0,0
BRDA:78,6,0,1
BRDA:78,6,1,1
BRDA:82,7,0,0
BRDA:101,8,0,0
BRDA:109,9,0,1
BRDA:110,10,0,1
BRDA:111,11,0,1
BRDA:112,12,0,1
BRDA:113,13,0,1
BRDA:117,14,0,1
BRDA:118,15,0,1
BRDA:126,16,0,0
BRDA:144,17,0,0
BRDA:150,18,0,0
BRDA:163,19,0,0
BRF:22
BRH:11
end_of_record
TN:
SF:scr/middlewares/authenticate.ts
FN:11,(anonymous_1)
FNF:1
FNH:1
FNDA:7,(anonymous_1)
DA:2,1
DA:3,1
DA:5,1
DA:11,1
DA:12,7
DA:13,7
DA:15,7
DA:16,1
DA:19,6
DA:21,6
DA:22,0
DA:25,6
DA:27,6
DA:28,0
DA:31,6
DA:33,6
DA:34,0
DA:37,6
DA:38,6
DA:40,0
DA:44,1
LF:21
LH:17
BRDA:13,0,0,1
BRDA:13,0,1,6
BRDA:13,1,0,7
BRDA:13,1,1,7
BRDA:15,2,0,1
BRDA:19,3,0,6
BRDA:19,3,1,6
BRDA:21,4,0,0
BRDA:27,5,0,0
BRDA:33,6,0,0
BRF:10
BRH:7
end_of_record
TN:
SF:scr/middlewares/isAdmin.ts
FN:7,(anonymous_1)
FNF:1
FNH:1
FNDA:4,(anonymous_1)
DA:2,1
DA:3,1
DA:5,1
DA:7,1
DA:8,4
DA:10,4
DA:11,0
DA:14,4
DA:15,4
DA:17,4
DA:19,4
DA:20,0
DA:23,4
DA:24,0
DA:25,0
DA:28,4
DA:30,0
DA:31,0
DA:35,1
LF:19
LH:13
BRDA:8,0,0,0
BRDA:8,0,1,4
BRDA:8,1,0,4
BRDA:8,1,1,4
BRDA:10,2,0,0
BRDA:15,3,0,4
BRDA:15,3,1,4
BRDA:19,4,0,0
BRDA:23,5,0,0
BRF:9
BRH:5
end_of_record
TN:
SF:scr/middlewares/isUser.ts
FN:7,(anonymous_1)
FNF:1
FNH:1
FNDA:1,(anonymous_1)
DA:2,1
DA:3,1
DA:5,1
DA:7,1
DA:8,1
DA:10,1
DA:11,0
DA:14,1
DA:15,1
DA:17,1
DA:19,1
DA:20,0
DA:23,1
DA:24,1
DA:27,0
DA:29,0
DA:30,0
DA:34,1
LF:18
LH:13
BRDA:8,0,0,0
BRDA:8,0,1,1
BRDA:8,1,0,1
BRDA:8,1,1,1
BRDA:10,2,0,0
BRDA:15,3,0,1
BRDA:15,3,1,1
BRDA:19,4,0,0
BRDA:23,5,0,1
BRF:9
BRH:6
end_of_record
TN:
SF:scr/middlewares/upload.ts
FN:12,(anonymous_1)
FN:15,(anonymous_2)
FN:23,(anonymous_3)
FNF:3
FNH:0
FNDA:0,(anonymous_1)
FNDA:0,(anonymous_2)
FNDA:0,(anonymous_3)
DA:1,1
DA:2,1
DA:4,1
DA:6,1
DA:7,1
DA:8,0
DA:11,1
DA:13,0
DA:16,0
DA:17,0
DA:21,1
DA:24,0
DA:25,0
DA:27,0
DA:33,1
LF:15
LH:8
BRDA:7,0,0,0
BRDA:24,1,0,0
BRDA:24,1,1,0
BRDA:24,2,0,0
BRDA:24,2,1,0
BRDA:24,2,2,0
BRF:6
BRH:0
end_of_record
TN:
SF:scr/models/blogs.ts
FNF:0
FNH:0
DA:1,1
DA:10,1
DA:18,1
DA:20,1
LF:4
LH:4
BRF:0
BRH:0
end_of_record
TN:
SF:scr/models/comments.ts
FNF:0
FNH:0
DA:1,1
DA:9,1
DA:24,1
DA:26,1
LF:4
LH:4
BRF:0
BRH:0
end_of_record
TN:
SF:scr/models/users.ts
FNF:0
FNH:0
DA:1,1
DA:13,1
DA:45,1
DA:47,1
LF:4
LH:4
BRF:0
BRH:0
end_of_record
TN:
SF:scr/routes/blogs.ts
FNF:0
FNH:0
DA:1,1
DA:2,1
DA:3,1
DA:4,1
DA:5,1
DA:7,1
DA:16,1
DA:17,1
DA:18,1
DA:19,1
DA:20,1
DA:21,1
DA:23,1
LF:13
LH:13
BRF:0
BRH:0
end_of_record
TN:
SF:scr/routes/comments.ts
FNF:0
FNH:0
DA:1,1
DA:2,1
DA:3,1
DA:5,1
DA:15,1
DA:16,1
DA:17,1
DA:19,1
LF:8
LH:8
BRF:0
BRH:0
end_of_record
TN:
SF:scr/routes/users.ts
FNF:0
FNH:0
DA:1,1
DA:2,1
DA:3,1
DA:6,1
DA:15,1
DA:16,1
DA:17,1
DA:18,1
DA:19,1
DA:21,1
LF:10
LH:10
BRF:0
BRH:0
end_of_record
